#
# There is insufficient memory for the Java Runtime Environment to continue.
# Native memory allocation (mmap) failed to map 2143289344 bytes for Failed to commit area from 0x0000000082000000 to 0x0000000101c00000 of length 2143289344.
# Possible reasons:
#   The system is out of physical RAM or swap space
#   The process is running with CompressedOops enabled, and the Java Heap may be blocking the growth of the native heap
# Possible solutions:
#   Reduce memory load on the system
#   Increase physical memory or swap space
#   Check if swap backing store is full
#   Decrease Java heap size (-Xmx/-Xms)
#   Decrease number of Java threads
#   Decrease Java thread stack sizes (-Xss)
#   Set larger code cache with -XX:ReservedCodeCacheSize=
# This output file may be truncated or incomplete.
#
#  Out of Memory Error (./open/src/hotspot/os/windows/os_windows.cpp:3275), pid=226684, tid=228304
#
# JRE version:  (11.0.9+7) (build )
# Java VM: Java HotSpot(TM) 64-Bit Server VM (11.0.9+7-LTS, mixed mode, sharing, tiered, compressed oops, g1 gc, windows-amd64)
# No core dump will be written. Minidumps are not enabled by default on client versions of Windows
#

---------------  S U M M A R Y ------------

Command Line: -Dfile.encoding=GBK -Duser.country=CN -Duser.language=zh -Duser.variant com.sztu.spring.Test

Host: Intel(R) Xeon(R) Silver 4116 CPU @ 2.10GHz, 48 cores, 127G,  Windows 10 , 64 bit Build 18362 (10.0.18362.1110)
Time: Thu Dec 24 13:52:00 2020 ?D1¨²¡À¨º¡Á?¨º¡À?? elapsed time: 0.028807 seconds (0d 0h 0m 0s)

---------------  T H R E A D  ---------------

Current thread (0x0000020568ab4000):  JavaThread "Unknown thread" [_thread_in_vm, id=228304, stack(0x0000000948e00000,0x0000000948f00000)]

Stack: [0x0000000948e00000,0x0000000948f00000]
Native frames: (J=compiled Java code, j=interpreted, Vv=VM code, C=native code)
V  [jvm.dll+0x611a3a]
V  [jvm.dll+0x748aaf]
V  [jvm.dll+0x74a135]
V  [jvm.dll+0x74a7b3]
V  [jvm.dll+0x2439f8]
V  [jvm.dll+0x60eeda]
V  [jvm.dll+0x603de5]
V  [jvm.dll+0x2f785c]
V  [jvm.dll+0x2f76e2]
V  [jvm.dll+0x2fc396]
V  [jvm.dll+0x33e1df]
V  [jvm.dll+0x33dc10]
V  [jvm.dll+0x2d5aa8]
V  [jvm.dll+0x2d6c06]
V  [jvm.dll+0x724927]
V  [jvm.dll+0x7261cf]
V  [jvm.dll+0x34af59]
V  [jvm.dll+0x70a4a0]
V  [jvm.dll+0x3b415f]
V  [jvm.dll+0x3b6201]
C  [jli.dll+0x520b]
C  [ucrtbase.dll+0x210b2]
C  [KERNEL32.DLL+0x17c24]
C  [ntdll.dll+0x6d4d1]


---------------  P R O C E S S  ---------------

Threads class SMR info:
_java_thread_list=0x0000020568817e70, length=0, elements={
}

Java Threads: ( => current thread )

Other Threads:
  0x00000205688ec000 GCTaskThread "GC Thread#0" [stack: 0x0000000948f00000,0x0000000949000000] [id=211600]
  0x0000020568b32000 ConcurrentGCThread "G1 Main Marker" [stack: 0x0000000949000000,0x0000000949100000] [id=224676]
  0x0000020568b33800 ConcurrentGCThread "G1 Conc#0" [stack: 0x0000000949100000,0x0000000949200000] [id=225928]

[error occurred during error reporting (printing all threads), id 0xc0000005, EXCEPTION_ACCESS_VIOLATION (0xc0000005) at pc=0x00007ff82b7542a7]

VM state:not at safepoint (not fully initialized)

VM Mutex/Monitor currently owned by a thread:  ([mutex/lock_event])
[0x0000020568ab2770] Heap_lock - owner thread: 0x0000020568ab4000

Heap address: 0x0000000082000000, size: 30688 MB, Compressed Oops mode: Non-zero based: 0x0000000082000000
Narrow klass base: 0x0000000000000000, Narrow klass shift: 0

GC Heap History (0 events):
No events

Deoptimization events (0 events):
No events

Classes redefined (0 events):
No events

Internal exceptions (0 events):
No events

Events (0 events):
No events


Dynamic libraries:
0x00007ff723530000 - 0x00007ff72353f000 	C:\Program Files\Java\jdk-11.0.9\bin\java.exe
0x00007ff85f240000 - 0x00007ff85f430000 	C:\Windows\SYSTEM32\ntdll.dll
0x00007ff85da80000 - 0x00007ff85db32000 	C:\Windows\System32\KERNEL32.DLL
0x00007ff85cf50000 - 0x00007ff85d1f5000 	C:\Windows\System32\KERNELBASE.dll
0x00007ff85ccd0000 - 0x00007ff85cdca000 	C:\Windows\System32\ucrtbase.dll
0x00007ff856cd0000 - 0x00007ff856ce5000 	C:\Program Files\Java\jdk-11.0.9\bin\VCRUNTIME140.dll
0x00007ff857960000 - 0x00007ff857978000 	C:\Program Files\Java\jdk-11.0.9\bin\jli.dll
0x00007ff85de20000 - 0x00007ff85dec3000 	C:\Windows\System32\ADVAPI32.dll
0x00007ff85ee60000 - 0x00007ff85eefe000 	C:\Windows\System32\msvcrt.dll
0x00007ff85ebb0000 - 0x00007ff85ec47000 	C:\Windows\System32\sechost.dll
0x00007ff85dca0000 - 0x00007ff85ddc0000 	C:\Windows\System32\RPCRT4.dll
0x00007ff85f060000 - 0x00007ff85f1f4000 	C:\Windows\System32\USER32.dll
0x00007ff85cf20000 - 0x00007ff85cf41000 	C:\Windows\System32\win32u.dll
0x00007ff847f90000 - 0x00007ff848214000 	C:\Windows\WinSxS\amd64_microsoft.windows.common-controls_6595b64144ccf1df_6.0.18362.1198_none_9e820b57e45ad92f\COMCTL32.dll
0x00007ff85eb80000 - 0x00007ff85eba6000 	C:\Windows\System32\GDI32.dll
0x00007ff85e840000 - 0x00007ff85eb75000 	C:\Windows\System32\combase.dll
0x00007ff85d220000 - 0x00007ff85d2a0000 	C:\Windows\System32\bcryptPrimitives.dll
0x00007ff85c9b0000 - 0x00007ff85cb46000 	C:\Windows\System32\gdi32full.dll
0x00007ff85cc30000 - 0x00007ff85ccce000 	C:\Windows\System32\msvcp_win.dll
0x00007ff854be0000 - 0x00007ff854bea000 	C:\Windows\SYSTEM32\VERSION.dll
0x00007ff85ef00000 - 0x00007ff85ef2e000 	C:\Windows\System32\IMM32.DLL
0x00007ff846930000 - 0x00007ff8469cb000 	C:\Program Files\Java\jdk-11.0.9\bin\msvcp140.dll
0x00007ff82b470000 - 0x00007ff82bf67000 	C:\Program Files\Java\jdk-11.0.9\bin\server\jvm.dll
0x00007ff85e470000 - 0x00007ff85e478000 	C:\Windows\System32\PSAPI.DLL
0x00007ff858a40000 - 0x00007ff858a64000 	C:\Windows\SYSTEM32\WINMM.dll
0x00007ff83d010000 - 0x00007ff83d019000 	C:\Windows\SYSTEM32\WSOCK32.dll
0x00007ff858a10000 - 0x00007ff858a3d000 	C:\Windows\SYSTEM32\winmmbase.dll
0x00007ff85e5c0000 - 0x00007ff85e62f000 	C:\Windows\System32\WS2_32.dll
0x00007ff85d2a0000 - 0x00007ff85d2ea000 	C:\Windows\System32\cfgmgr32.dll
0x00007ff85c100000 - 0x00007ff85c111000 	C:\Windows\System32\kernel.appcore.dll
0x00007ff858b10000 - 0x00007ff858b20000 	C:\Program Files\Java\jdk-11.0.9\bin\verify.dll
0x00007ff83d340000 - 0x00007ff83d534000 	C:\Windows\SYSTEM32\DBGHELP.DLL
0x00007ff83cf40000 - 0x00007ff83cf6a000 	C:\Windows\SYSTEM32\dbgcore.DLL
0x00007ff856a60000 - 0x00007ff856a88000 	C:\Program Files\Java\jdk-11.0.9\bin\java.dll
0x00007ff8589d0000 - 0x00007ff8589da000 	C:\Program Files\Java\jdk-11.0.9\bin\jimage.dll
0x00007ff856a10000 - 0x00007ff856a26000 	C:\Program Files\Java\jdk-11.0.9\bin\zip.dll

dbghelp: loaded successfully - version: 4.0.5 - missing functions: none
symbol engine: initialized successfully - sym options: 0x614 - pdb path: .;C:\Program Files\Java\jdk-11.0.9\bin;C:\Windows\SYSTEM32;C:\Windows\WinSxS\amd64_microsoft.windows.common-controls_6595b64144ccf1df_6.0.18362.1198_none_9e820b57e45ad92f;C:\Program Files\Java\jdk-11.0.9\bin\server

VM Arguments:
jvm_args: -Dfile.encoding=GBK -Duser.country=CN -Duser.language=zh -Duser.variant 
java_command: com.sztu.spring.Test
java_class_path (initial): D:\Java_projects\spring-framework-5.2.x\test\build\classes\java\main;D:\Java_projects\spring-framework-5.2.x\test\build\resources\main;D:\Java_projects\spring-framework-5.2.x\spring-context\build\libs\spring-context-5.2.13.BUILD-SNAPSHOT.jar;D:\Java_projects\spring-framework-5.2.x\spring-aop\build\libs\spring-aop-5.2.13.BUILD-SNAPSHOT.jar;D:\Java_projects\spring-framework-5.2.x\spring-beans\build\libs\spring-beans-5.2.13.BUILD-SNAPSHOT.jar;D:\Java_projects\spring-framework-5.2.x\spring-expression\build\libs\spring-expression-5.2.13.BUILD-SNAPSHOT.jar;D:\Java_projects\spring-framework-5.2.x\spring-core\build\libs\spring-core-5.2.13.BUILD-SNAPSHOT.jar;D:\Java_projects\spring-framework-5.2.x\spring-core\build\libs\spring-cglib-repack-3.3.0.jar;D:\Java_projects\spring-framework-5.2.x\spring-core\build\libs\spring-objenesis-repack-3.1.jar;D:\Java_projects\spring-framework-5.2.x\spring-jcl\build\libs\spring-jcl-5.2.13.BUILD-SNAPSHOT.jar
Launcher Type: SUN_STANDARD

[Global flags]
     intx CICompilerCount                          = 15                                        {product} {ergonomic}
     uint ConcGCThreads                            = 8                                         {product} {ergonomic}
     uint G1ConcRefinementThreads                  = 33                                        {product} {ergonomic}
   size_t G1HeapRegionSize                         = 4194304                                   {product} {ergonomic}
    uintx GCDrainStackTargetSize                   = 64                                        {product} {ergonomic}
   size_t InitialHeapSize                          = 2143289344                                {product} {ergonomic}
   size_t MarkStackSize                            = 4194304                                   {product} {ergonomic}
   size_t MaxHeapSize                              = 32178700288                               {product} {ergonomic}
   size_t MinHeapDeltaBytes                        = 4194304                                   {product} {ergonomic}
    uintx NonNMethodCodeHeapSize                   = 8182140                                {pd product} {ergonomic}
    uintx NonProfiledCodeHeapSize                  = 121738050                              {pd product} {ergonomic}
    uintx ProfiledCodeHeapSize                     = 121738050                              {pd product} {ergonomic}
    uintx ReservedCodeCacheSize                    = 251658240                              {pd product} {ergonomic}
     bool SegmentedCodeCache                       = true                                      {product} {ergonomic}
     bool UseCompressedClassPointers               = true                                 {lp64_product} {ergonomic}
     bool UseCompressedOops                        = true                                 {lp64_product} {ergonomic}
     bool UseG1GC                                  = true                                      {product} {ergonomic}
     bool UseLargePagesIndividualAllocation        = false                                  {pd product} {ergonomic}

Logging:
Log output configuration:
 #0: stdout all=warning uptime,level,tags
 #1: stderr all=off uptime,level,tags

Environment Variables:
JAVA_HOME=C:\Program Files\Java\jdk-11.0.9
CLASSPATH=D:\apache-jmeter-5.3\lib\ext\ApacheJMeter_core.jar;D:\apache-jmeter-5.3\lib\jorphan.jar;D:\apache-jmeter-5.3\lib/logkit-2.0.jar;
PATH=C:\Program Files\Common Files\Oracle\Java\javapath;D:\XShell\;C:\Program Files (x86)\Common Files\Oracle\Java\javapath;C:\Windows\system32;C:\Windows;C:\Windows\System32\Wbem;C:\Windows\System32\WindowsPowerShell\v1.0\;C:\Windows\System32\OpenSSH\;"C:\Users\Administrator\Anaconda3;C:\Users\Administrator\Anaconda3\Scripts;C:\Users\Administrator\Anaconda3\Library\bin";C:\Program Files (x86)\Microsoft SQL Server\100\Tools\Binn\;C:\Program Files\Microsoft SQL Server\100\Tools\Binn\;C:\Program Files\Microsoft SQL Server\100\DTS\Binn\;C:\Program Files\dotnet\;D:\opencv4.1.1\build\x64\vc15\bin;C:\Windows\system32\config\systemprofile\.dnx\bin;C:\Program Files\Microsoft DNX\Dnvm\;C:\Program Files\Microsoft SQL Server\120\Tools\Binn\;C:\Program Files (x86)\Windows Kits\8.1\bin\x86;D:\opencv4.1.1\buidl_new\bin;C:\Program Files\Git\cmd;C:\Users\Administrator\Anaconda3;C:\Users\Administrator\Anaconda3\Library\mingw-w64\bin;C:\Users\Administrator\Anaconda3\Library\usr\bin;C:\Users\Administrator\Anaconda3\Library\bin;C:\Users\Administrator\Anaconda3\Scripts;C:\Users\Administrator\AppData\Local\Programs\Python\Python36\Scripts\;C:\Users\Administrator\AppData\Local\Programs\Python\Python36\;C:\Users\Administrator\AppData\Local\Microsoft\WindowsApps;C:\Program Files\JetBrains\PyCharm 2018.3.3\bin;;D:\IntelliJ IDEA 2020.1.2\bin;;D:\java_dev_apps\apache-maven-3.6.3\bin;D:\Bandizip\;C:\Program Files\Java\jdk-11.0.9\bin;D:\java_dev_apps\gradle-5.6.4\bin;
USERNAME=Yann¨ª
OS=Windows_NT
PROCESSOR_IDENTIFIER=Intel64 Family 6 Model 85 Stepping 4, GenuineIntel



---------------  S Y S T E M  ---------------

OS: Windows 10 , 64 bit Build 18362 (10.0.18362.1110)

CPU:total 48 (initial active 48) (12 cores per cpu, 2 threads per core) family 6 model 85 stepping 4, cmov, cx8, fxsr, mmx, sse, sse2, sse3, ssse3, sse4.1, sse4.2, popcnt, avx, avx2, aes, clmul, erms, rtm, 3dnowpref, lzcnt, ht, tsc, tscinvbit, bmi1, bmi2, adx, fma

Memory: 4k page, system-wide physical 130719M (7519M free)
TotalPageFile size 161807M (AvailPageFile size 1702M)
current process WorkingSet (physical memory assigned to process): 11M, peak: 11M
current process commit charge ("private bytes"): 119M, peak: 2163M

vm_info: Java HotSpot(TM) 64-Bit Server VM (11.0.9+7-LTS) for windows-amd64 JRE (11.0.9+7-LTS), built on Sep 15 2020 16:47:03 by "mach5one" with MS VC++ 15.9 (VS2017)

END.
