#
# There is insufficient memory for the Java Runtime Environment to continue.
# Native memory allocation (malloc) failed to allocate 102896 bytes for Chunk::new
# Possible reasons:
#   The system is out of physical RAM or swap space
#   The process is running with CompressedOops enabled, and the Java Heap may be blocking the growth of the native heap
# Possible solutions:
#   Reduce memory load on the system
#   Increase physical memory or swap space
#   Check if swap backing store is full
#   Decrease Java heap size (-Xmx/-Xms)
#   Decrease number of Java threads
#   Decrease Java thread stack sizes (-Xss)
#   Set larger code cache with -XX:ReservedCodeCacheSize=
#   JVM is running with Zero Based Compressed Oops mode in which the Java heap is
#     placed in the first 32GB address space. The Java Heap base address is the
#     maximum limit for the native heap growth. Please use -XX:HeapBaseMinAddress
#     to set the Java Heap base and to place the Java Heap above 32GB virtual address.
# This output file may be truncated or incomplete.
#
#  Out of Memory Error (./open/src/hotspot/share/memory/arena.cpp:197), pid=18240, tid=37860
#
# JRE version: Java(TM) SE Runtime Environment 18.9 (11.0.9+7) (build 11.0.9+7-LTS)
# Java VM: Java HotSpot(TM) 64-Bit Server VM 18.9 (11.0.9+7-LTS, mixed mode, tiered, compressed oops, g1 gc, windows-amd64)
# No core dump will be written. Minidumps are not enabled by default on client versions of Windows
#

---------------  S U M M A R Y ------------

Command Line: -Dfile.encoding=GBK -Duser.country=CN -Duser.language=zh -Duser.variant com.sztu.spring.resolveBeforeInstantiation.Test

Host: Intel(R) Xeon(R) Silver 4116 CPU @ 2.10GHz, 48 cores, 127G,  Windows 10 , 64 bit Build 18362 (10.0.18362.1110)
Time: Wed Dec 30 13:00:20 2020 ?D1¨²¡À¨º¡Á?¨º¡À?? elapsed time: 0.341124 seconds (0d 0h 0m 0s)

---------------  T H R E A D  ---------------

Current thread (0x000002bef8ba3000):  JavaThread "C2 CompilerThread0" daemon [_thread_in_native, id=37860, stack(0x000000d8e9100000,0x000000d8e9200000)]


Current CompileTask:
C2:    341  450       4       java.lang.StringLatin1::replace (196 bytes)

Stack: [0x000000d8e9100000,0x000000d8e9200000]
Native frames: (J=compiled Java code, j=interpreted, Vv=VM code, C=native code)
V  [jvm.dll+0x611a3a]
V  [jvm.dll+0x748aaf]
V  [jvm.dll+0x74a135]
V  [jvm.dll+0x74a7b3]
V  [jvm.dll+0x2439f8]
V  [jvm.dll+0xba2bc]
V  [jvm.dll+0xba9bc]
V  [jvm.dll+0x2b4274]
V  [jvm.dll+0x52a046]
V  [jvm.dll+0x20565d]
V  [jvm.dll+0x1ff5aa]
V  [jvm.dll+0x1fc52f]
V  [jvm.dll+0x17f08c]
V  [jvm.dll+0x20bc54]
V  [jvm.dll+0x209d2b]
V  [jvm.dll+0x7103d9]
V  [jvm.dll+0x709114]
V  [jvm.dll+0x610cb6]
C  [ucrtbase.dll+0x210b2]
C  [KERNEL32.DLL+0x17c24]
C  [ntdll.dll+0x6d4d1]


---------------  P R O C E S S  ---------------

Threads class SMR info:
_java_thread_list=0x000002bef8e0d0e0, length=14, elements={
0x000002be92d04800, 0x000002bef8b13000, 0x000002bef8b34000, 0x000002bef8b9f800,
0x000002bef8ba1000, 0x000002bef8ba3000, 0x000002bef8ba8800, 0x000002bef8baa800,
0x000002bef8c7c000, 0x000002bef8deb000, 0x000002bef8dee800, 0x000002bef8e03800,
0x000002bef8e04800, 0x000002bef8e0d800
}

Java Threads: ( => current thread )
  0x000002be92d04800 JavaThread "main" [_thread_in_vm, id=25048, stack(0x000000d8e8600000,0x000000d8e8700000)]
  0x000002bef8b13000 JavaThread "Reference Handler" daemon [_thread_blocked, id=14708, stack(0x000000d8e8d00000,0x000000d8e8e00000)]
  0x000002bef8b34000 JavaThread "Finalizer" daemon [_thread_blocked, id=37840, stack(0x000000d8e8e00000,0x000000d8e8f00000)]
  0x000002bef8b9f800 JavaThread "Signal Dispatcher" daemon [_thread_blocked, id=24712, stack(0x000000d8e8f00000,0x000000d8e9000000)]
  0x000002bef8ba1000 JavaThread "Attach Listener" daemon [_thread_blocked, id=23128, stack(0x000000d8e9000000,0x000000d8e9100000)]
=>0x000002bef8ba3000 JavaThread "C2 CompilerThread0" daemon [_thread_in_native, id=37860, stack(0x000000d8e9100000,0x000000d8e9200000)]
  0x000002bef8ba8800 JavaThread "C1 CompilerThread0" daemon [_thread_blocked, id=36680, stack(0x000000d8e9200000,0x000000d8e9300000)]
  0x000002bef8baa800 JavaThread "Sweeper thread" daemon [_thread_blocked, id=33920, stack(0x000000d8e9300000,0x000000d8e9400000)]
  0x000002bef8c7c000 JavaThread "C1 CompilerThread1" daemon [_thread_blocked, id=37812, stack(0x000000d8e9400000,0x000000d8e9500000)]
  0x000002bef8deb000 JavaThread "C1 CompilerThread2" daemon [_thread_blocked, id=36300, stack(0x000000d8e9500000,0x000000d8e9600000)]
  0x000002bef8dee800 JavaThread "C1 CompilerThread3" daemon [_thread_blocked, id=32536, stack(0x000000d8e9600000,0x000000d8e9700000)]
  0x000002bef8e03800 JavaThread "C1 CompilerThread4" daemon [_thread_blocked, id=32772, stack(0x000000d8e9700000,0x000000d8e9800000)]
  0x000002bef8e04800 JavaThread "Service Thread" daemon [_thread_blocked, id=19600, stack(0x000000d8e9800000,0x000000d8e9900000)]
  0x000002bef8e0d800 JavaThread "Common-Cleaner" daemon [_thread_blocked, id=27092, stack(0x000000d8e9a00000,0x000000d8e9b00000)]

Other Threads:
  0x000002bef8b12000 VMThread "VM Thread" [stack: 0x000000d8e8c00000,0x000000d8e8d00000] [id=37608]
  0x000002bef8e0b800 WatcherThread [stack: 0x000000d8e9900000,0x000000d8e9a00000] [id=18876]
  0x000002be909fc000 GCTaskThread "GC Thread#0" [stack: 0x000000d8e8700000,0x000000d8e8800000] [id=37284]
  0x000002be92d85000 ConcurrentGCThread "G1 Main Marker" [stack: 0x000000d8e8800000,0x000000d8e8900000] [id=35800]
  0x000002be92d87800 ConcurrentGCThread "G1 Conc#0" [stack: 0x000000d8e8900000,0x000000d8e8a00000] [id=31344]
  0x000002beac14e800 ConcurrentGCThread "G1 Refine#0" [stack: 0x000000d8e8a00000,0x000000d8e8b00000] [id=35372]
  0x000002bef8170800 ConcurrentGCThread "G1 Young RemSet Sampling" [stack: 0x000000d8e8b00000,0x000000d8e8c00000] [id=17160]

Threads with active compile tasks:
C2 CompilerThread0    375  450       4       java.lang.StringLatin1::replace (196 bytes)

VM state:not at safepoint (normal execution)

VM Mutex/Monitor currently owned by a thread: None

Heap address: 0x0000000082000000, size: 30688 MB, Compressed Oops mode: Zero based, Oop shift amount: 3
Narrow klass base: 0x0000000800000000, Narrow klass shift: 0
Compressed class space size: 1073741824 Address: 0x0000000800000000

Heap:
 garbage-first heap   total 2093056K, used 12288K [0x0000000082000000, 0x0000000800000000)
  region size 4096K, 4 young (16384K), 0 survivors (0K)
 Metaspace       used 8282K, capacity 8376K, committed 8576K, reserved 1069056K
  class space    used 790K, capacity 812K, committed 896K, reserved 1048576K
Heap Regions: E=young(eden), S=young(survivor), O=old, HS=humongous(starts), HC=humongous(continues), CS=collection set, F=free, A=archive, TAMS=top-at-mark-start (previous, next)
|   0|0x0000000082000000, 0x0000000082000000, 0x0000000082400000|  0%| F|  |TAMS 0x0000000082000000, 0x0000000082000000| Untracked 
|   1|0x0000000082400000, 0x0000000082400000, 0x0000000082800000|  0%| F|  |TAMS 0x0000000082400000, 0x0000000082400000| Untracked 
|   2|0x0000000082800000, 0x0000000082800000, 0x0000000082c00000|  0%| F|  |TAMS 0x0000000082800000, 0x0000000082800000| Untracked 
|   3|0x0000000082c00000, 0x0000000082c00000, 0x0000000083000000|  0%| F|  |TAMS 0x0000000082c00000, 0x0000000082c00000| Untracked 
|   4|0x0000000083000000, 0x0000000083000000, 0x0000000083400000|  0%| F|  |TAMS 0x0000000083000000, 0x0000000083000000| Untracked 
|   5|0x0000000083400000, 0x0000000083400000, 0x0000000083800000|  0%| F|  |TAMS 0x0000000083400000, 0x0000000083400000| Untracked 
|   6|0x0000000083800000, 0x0000000083800000, 0x0000000083c00000|  0%| F|  |TAMS 0x0000000083800000, 0x0000000083800000| Untracked 
|   7|0x0000000083c00000, 0x0000000083c00000, 0x0000000084000000|  0%| F|  |TAMS 0x0000000083c00000, 0x0000000083c00000| Untracked 
|   8|0x0000000084000000, 0x0000000084000000, 0x0000000084400000|  0%| F|  |TAMS 0x0000000084000000, 0x0000000084000000| Untracked 
|   9|0x0000000084400000, 0x0000000084400000, 0x0000000084800000|  0%| F|  |TAMS 0x0000000084400000, 0x0000000084400000| Untracked 
|  10|0x0000000084800000, 0x0000000084800000, 0x0000000084c00000|  0%| F|  |TAMS 0x0000000084800000, 0x0000000084800000| Untracked 
|  11|0x0000000084c00000, 0x0000000084c00000, 0x0000000085000000|  0%| F|  |TAMS 0x0000000084c00000, 0x0000000084c00000| Untracked 
|  12|0x0000000085000000, 0x0000000085000000, 0x0000000085400000|  0%| F|  |TAMS 0x0000000085000000, 0x0000000085000000| Untracked 
|  13|0x0000000085400000, 0x0000000085400000, 0x0000000085800000|  0%| F|  |TAMS 0x0000000085400000, 0x0000000085400000| Untracked 
|  14|0x0000000085800000, 0x0000000085800000, 0x0000000085c00000|  0%| F|  |TAMS 0x0000000085800000, 0x0000000085800000| Untracked 
|  15|0x0000000085c00000, 0x0000000085c00000, 0x0000000086000000|  0%| F|  |TAMS 0x0000000085c00000, 0x0000000085c00000| Untracked 
|  16|0x0000000086000000, 0x0000000086000000, 0x0000000086400000|  0%| F|  |TAMS 0x0000000086000000, 0x0000000086000000| Untracked 
|  17|0x0000000086400000, 0x0000000086400000, 0x0000000086800000|  0%| F|  |TAMS 0x0000000086400000, 0x0000000086400000| Untracked 
|  18|0x0000000086800000, 0x0000000086800000, 0x0000000086c00000|  0%| F|  |TAMS 0x0000000086800000, 0x0000000086800000| Untracked 
|  19|0x0000000086c00000, 0x0000000086c00000, 0x0000000087000000|  0%| F|  |TAMS 0x0000000086c00000, 0x0000000086c00000| Untracked 
|  20|0x0000000087000000, 0x0000000087000000, 0x0000000087400000|  0%| F|  |TAMS 0x0000000087000000, 0x0000000087000000| Untracked 
|  21|0x0000000087400000, 0x0000000087400000, 0x0000000087800000|  0%| F|  |TAMS 0x0000000087400000, 0x0000000087400000| Untracked 
|  22|0x0000000087800000, 0x0000000087800000, 0x0000000087c00000|  0%| F|  |TAMS 0x0000000087800000, 0x0000000087800000| Untracked 
|  23|0x0000000087c00000, 0x0000000087c00000, 0x0000000088000000|  0%| F|  |TAMS 0x0000000087c00000, 0x0000000087c00000| Untracked 
|  24|0x0000000088000000, 0x0000000088000000, 0x0000000088400000|  0%| F|  |TAMS 0x0000000088000000, 0x0000000088000000| Untracked 
|  25|0x0000000088400000, 0x0000000088400000, 0x0000000088800000|  0%| F|  |TAMS 0x0000000088400000, 0x0000000088400000| Untracked 
|  26|0x0000000088800000, 0x0000000088800000, 0x0000000088c00000|  0%| F|  |TAMS 0x0000000088800000, 0x0000000088800000| Untracked 
|  27|0x0000000088c00000, 0x0000000088c00000, 0x0000000089000000|  0%| F|  |TAMS 0x0000000088c00000, 0x0000000088c00000| Untracked 
|  28|0x0000000089000000, 0x0000000089000000, 0x0000000089400000|  0%| F|  |TAMS 0x0000000089000000, 0x0000000089000000| Untracked 
|  29|0x0000000089400000, 0x0000000089400000, 0x0000000089800000|  0%| F|  |TAMS 0x0000000089400000, 0x0000000089400000| Untracked 
|  30|0x0000000089800000, 0x0000000089800000, 0x0000000089c00000|  0%| F|  |TAMS 0x0000000089800000, 0x0000000089800000| Untracked 
|  31|0x0000000089c00000, 0x0000000089c00000, 0x000000008a000000|  0%| F|  |TAMS 0x0000000089c00000, 0x0000000089c00000| Untracked 
|  32|0x000000008a000000, 0x000000008a000000, 0x000000008a400000|  0%| F|  |TAMS 0x000000008a000000, 0x000000008a000000| Untracked 
|  33|0x000000008a400000, 0x000000008a400000, 0x000000008a800000|  0%| F|  |TAMS 0x000000008a400000, 0x000000008a400000| Untracked 
|  34|0x000000008a800000, 0x000000008a800000, 0x000000008ac00000|  0%| F|  |TAMS 0x000000008a800000, 0x000000008a800000| Untracked 
|  35|0x000000008ac00000, 0x000000008ac00000, 0x000000008b000000|  0%| F|  |TAMS 0x000000008ac00000, 0x000000008ac00000| Untracked 
|  36|0x000000008b000000, 0x000000008b000000, 0x000000008b400000|  0%| F|  |TAMS 0x000000008b000000, 0x000000008b000000| Untracked 
|  37|0x000000008b400000, 0x000000008b400000, 0x000000008b800000|  0%| F|  |TAMS 0x000000008b400000, 0x000000008b400000| Untracked 
|  38|0x000000008b800000, 0x000000008b800000, 0x000000008bc00000|  0%| F|  |TAMS 0x000000008b800000, 0x000000008b800000| Untracked 
|  39|0x000000008bc00000, 0x000000008bc00000, 0x000000008c000000|  0%| F|  |TAMS 0x000000008bc00000, 0x000000008bc00000| Untracked 
|  40|0x000000008c000000, 0x000000008c000000, 0x000000008c400000|  0%| F|  |TAMS 0x000000008c000000, 0x000000008c000000| Untracked 
|  41|0x000000008c400000, 0x000000008c400000, 0x000000008c800000|  0%| F|  |TAMS 0x000000008c400000, 0x000000008c400000| Untracked 
|  42|0x000000008c800000, 0x000000008c800000, 0x000000008cc00000|  0%| F|  |TAMS 0x000000008c800000, 0x000000008c800000| Untracked 
|  43|0x000000008cc00000, 0x000000008cc00000, 0x000000008d000000|  0%| F|  |TAMS 0x000000008cc00000, 0x000000008cc00000| Untracked 
|  44|0x000000008d000000, 0x000000008d000000, 0x000000008d400000|  0%| F|  |TAMS 0x000000008d000000, 0x000000008d000000| Untracked 
|  45|0x000000008d400000, 0x000000008d400000, 0x000000008d800000|  0%| F|  |TAMS 0x000000008d400000, 0x000000008d400000| Untracked 
|  46|0x000000008d800000, 0x000000008d800000, 0x000000008dc00000|  0%| F|  |TAMS 0x000000008d800000, 0x000000008d800000| Untracked 
|  47|0x000000008dc00000, 0x000000008dc00000, 0x000000008e000000|  0%| F|  |TAMS 0x000000008dc00000, 0x000000008dc00000| Untracked 
|  48|0x000000008e000000, 0x000000008e000000, 0x000000008e400000|  0%| F|  |TAMS 0x000000008e000000, 0x000000008e000000| Untracked 
|  49|0x000000008e400000, 0x000000008e400000, 0x000000008e800000|  0%| F|  |TAMS 0x000000008e400000, 0x000000008e400000| Untracked 
|  50|0x000000008e800000, 0x000000008e800000, 0x000000008ec00000|  0%| F|  |TAMS 0x000000008e800000, 0x000000008e800000| Untracked 
|  51|0x000000008ec00000, 0x000000008ec00000, 0x000000008f000000|  0%| F|  |TAMS 0x000000008ec00000, 0x000000008ec00000| Untracked 
|  52|0x000000008f000000, 0x000000008f000000, 0x000000008f400000|  0%| F|  |TAMS 0x000000008f000000, 0x000000008f000000| Untracked 
|  53|0x000000008f400000, 0x000000008f400000, 0x000000008f800000|  0%| F|  |TAMS 0x000000008f400000, 0x000000008f400000| Untracked 
|  54|0x000000008f800000, 0x000000008f800000, 0x000000008fc00000|  0%| F|  |TAMS 0x000000008f800000, 0x000000008f800000| Untracked 
|  55|0x000000008fc00000, 0x000000008fc00000, 0x0000000090000000|  0%| F|  |TAMS 0x000000008fc00000, 0x000000008fc00000| Untracked 
|  56|0x0000000090000000, 0x0000000090000000, 0x0000000090400000|  0%| F|  |TAMS 0x0000000090000000, 0x0000000090000000| Untracked 
|  57|0x0000000090400000, 0x0000000090400000, 0x0000000090800000|  0%| F|  |TAMS 0x0000000090400000, 0x0000000090400000| Untracked 
|  58|0x0000000090800000, 0x0000000090800000, 0x0000000090c00000|  0%| F|  |TAMS 0x0000000090800000, 0x0000000090800000| Untracked 
|  59|0x0000000090c00000, 0x0000000090c00000, 0x0000000091000000|  0%| F|  |TAMS 0x0000000090c00000, 0x0000000090c00000| Untracked 
|  60|0x0000000091000000, 0x0000000091000000, 0x0000000091400000|  0%| F|  |TAMS 0x0000000091000000, 0x0000000091000000| Untracked 
|  61|0x0000000091400000, 0x0000000091400000, 0x0000000091800000|  0%| F|  |TAMS 0x0000000091400000, 0x0000000091400000| Untracked 
|  62|0x0000000091800000, 0x0000000091800000, 0x0000000091c00000|  0%| F|  |TAMS 0x0000000091800000, 0x0000000091800000| Untracked 
|  63|0x0000000091c00000, 0x0000000091c00000, 0x0000000092000000|  0%| F|  |TAMS 0x0000000091c00000, 0x0000000091c00000| Untracked 
|  64|0x0000000092000000, 0x0000000092000000, 0x0000000092400000|  0%| F|  |TAMS 0x0000000092000000, 0x0000000092000000| Untracked 
|  65|0x0000000092400000, 0x0000000092400000, 0x0000000092800000|  0%| F|  |TAMS 0x0000000092400000, 0x0000000092400000| Untracked 
|  66|0x0000000092800000, 0x0000000092800000, 0x0000000092c00000|  0%| F|  |TAMS 0x0000000092800000, 0x0000000092800000| Untracked 
|  67|0x0000000092c00000, 0x0000000092c00000, 0x0000000093000000|  0%| F|  |TAMS 0x0000000092c00000, 0x0000000092c00000| Untracked 
|  68|0x0000000093000000, 0x0000000093000000, 0x0000000093400000|  0%| F|  |TAMS 0x0000000093000000, 0x0000000093000000| Untracked 
|  69|0x0000000093400000, 0x0000000093400000, 0x0000000093800000|  0%| F|  |TAMS 0x0000000093400000, 0x0000000093400000| Untracked 
|  70|0x0000000093800000, 0x0000000093800000, 0x0000000093c00000|  0%| F|  |TAMS 0x0000000093800000, 0x0000000093800000| Untracked 
|  71|0x0000000093c00000, 0x0000000093c00000, 0x0000000094000000|  0%| F|  |TAMS 0x0000000093c00000, 0x0000000093c00000| Untracked 
|  72|0x0000000094000000, 0x0000000094000000, 0x0000000094400000|  0%| F|  |TAMS 0x0000000094000000, 0x0000000094000000| Untracked 
|  73|0x0000000094400000, 0x0000000094400000, 0x0000000094800000|  0%| F|  |TAMS 0x0000000094400000, 0x0000000094400000| Untracked 
|  74|0x0000000094800000, 0x0000000094800000, 0x0000000094c00000|  0%| F|  |TAMS 0x0000000094800000, 0x0000000094800000| Untracked 
|  75|0x0000000094c00000, 0x0000000094c00000, 0x0000000095000000|  0%| F|  |TAMS 0x0000000094c00000, 0x0000000094c00000| Untracked 
|  76|0x0000000095000000, 0x0000000095000000, 0x0000000095400000|  0%| F|  |TAMS 0x0000000095000000, 0x0000000095000000| Untracked 
|  77|0x0000000095400000, 0x0000000095400000, 0x0000000095800000|  0%| F|  |TAMS 0x0000000095400000, 0x0000000095400000| Untracked 
|  78|0x0000000095800000, 0x0000000095800000, 0x0000000095c00000|  0%| F|  |TAMS 0x0000000095800000, 0x0000000095800000| Untracked 
|  79|0x0000000095c00000, 0x0000000095c00000, 0x0000000096000000|  0%| F|  |TAMS 0x0000000095c00000, 0x0000000095c00000| Untracked 
|  80|0x0000000096000000, 0x0000000096000000, 0x0000000096400000|  0%| F|  |TAMS 0x0000000096000000, 0x0000000096000000| Untracked 
|  81|0x0000000096400000, 0x0000000096400000, 0x0000000096800000|  0%| F|  |TAMS 0x0000000096400000, 0x0000000096400000| Untracked 
|  82|0x0000000096800000, 0x0000000096800000, 0x0000000096c00000|  0%| F|  |TAMS 0x0000000096800000, 0x0000000096800000| Untracked 
|  83|0x0000000096c00000, 0x0000000096c00000, 0x0000000097000000|  0%| F|  |TAMS 0x0000000096c00000, 0x0000000096c00000| Untracked 
|  84|0x0000000097000000, 0x0000000097000000, 0x0000000097400000|  0%| F|  |TAMS 0x0000000097000000, 0x0000000097000000| Untracked 
|  85|0x0000000097400000, 0x0000000097400000, 0x0000000097800000|  0%| F|  |TAMS 0x0000000097400000, 0x0000000097400000| Untracked 
|  86|0x0000000097800000, 0x0000000097800000, 0x0000000097c00000|  0%| F|  |TAMS 0x0000000097800000, 0x0000000097800000| Untracked 
|  87|0x0000000097c00000, 0x0000000097c00000, 0x0000000098000000|  0%| F|  |TAMS 0x0000000097c00000, 0x0000000097c00000| Untracked 
|  88|0x0000000098000000, 0x0000000098000000, 0x0000000098400000|  0%| F|  |TAMS 0x0000000098000000, 0x0000000098000000| Untracked 
|  89|0x0000000098400000, 0x0000000098400000, 0x0000000098800000|  0%| F|  |TAMS 0x0000000098400000, 0x0000000098400000| Untracked 
|  90|0x0000000098800000, 0x0000000098800000, 0x0000000098c00000|  0%| F|  |TAMS 0x0000000098800000, 0x0000000098800000| Untracked 
|  91|0x0000000098c00000, 0x0000000098c00000, 0x0000000099000000|  0%| F|  |TAMS 0x0000000098c00000, 0x0000000098c00000| Untracked 
|  92|0x0000000099000000, 0x0000000099000000, 0x0000000099400000|  0%| F|  |TAMS 0x0000000099000000, 0x0000000099000000| Untracked 
|  93|0x0000000099400000, 0x0000000099400000, 0x0000000099800000|  0%| F|  |TAMS 0x0000000099400000, 0x0000000099400000| Untracked 
|  94|0x0000000099800000, 0x0000000099800000, 0x0000000099c00000|  0%| F|  |TAMS 0x0000000099800000, 0x0000000099800000| Untracked 
|  95|0x0000000099c00000, 0x0000000099c00000, 0x000000009a000000|  0%| F|  |TAMS 0x0000000099c00000, 0x0000000099c00000| Untracked 
|  96|0x000000009a000000, 0x000000009a000000, 0x000000009a400000|  0%| F|  |TAMS 0x000000009a000000, 0x000000009a000000| Untracked 
|  97|0x000000009a400000, 0x000000009a400000, 0x000000009a800000|  0%| F|  |TAMS 0x000000009a400000, 0x000000009a400000| Untracked 
|  98|0x000000009a800000, 0x000000009a800000, 0x000000009ac00000|  0%| F|  |TAMS 0x000000009a800000, 0x000000009a800000| Untracked 
|  99|0x000000009ac00000, 0x000000009ac00000, 0x000000009b000000|  0%| F|  |TAMS 0x000000009ac00000, 0x000000009ac00000| Untracked 
| 100|0x000000009b000000, 0x000000009b000000, 0x000000009b400000|  0%| F|  |TAMS 0x000000009b000000, 0x000000009b000000| Untracked 
| 101|0x000000009b400000, 0x000000009b400000, 0x000000009b800000|  0%| F|  |TAMS 0x000000009b400000, 0x000000009b400000| Untracked 
| 102|0x000000009b800000, 0x000000009b800000, 0x000000009bc00000|  0%| F|  |TAMS 0x000000009b800000, 0x000000009b800000| Untracked 
| 103|0x000000009bc00000, 0x000000009bc00000, 0x000000009c000000|  0%| F|  |TAMS 0x000000009bc00000, 0x000000009bc00000| Untracked 
| 104|0x000000009c000000, 0x000000009c000000, 0x000000009c400000|  0%| F|  |TAMS 0x000000009c000000, 0x000000009c000000| Untracked 
| 105|0x000000009c400000, 0x000000009c400000, 0x000000009c800000|  0%| F|  |TAMS 0x000000009c400000, 0x000000009c400000| Untracked 
| 106|0x000000009c800000, 0x000000009c800000, 0x000000009cc00000|  0%| F|  |TAMS 0x000000009c800000, 0x000000009c800000| Untracked 
| 107|0x000000009cc00000, 0x000000009cc00000, 0x000000009d000000|  0%| F|  |TAMS 0x000000009cc00000, 0x000000009cc00000| Untracked 
| 108|0x000000009d000000, 0x000000009d000000, 0x000000009d400000|  0%| F|  |TAMS 0x000000009d000000, 0x000000009d000000| Untracked 
| 109|0x000000009d400000, 0x000000009d400000, 0x000000009d800000|  0%| F|  |TAMS 0x000000009d400000, 0x000000009d400000| Untracked 
| 110|0x000000009d800000, 0x000000009d800000, 0x000000009dc00000|  0%| F|  |TAMS 0x000000009d800000, 0x000000009d800000| Untracked 
| 111|0x000000009dc00000, 0x000000009dc00000, 0x000000009e000000|  0%| F|  |TAMS 0x000000009dc00000, 0x000000009dc00000| Untracked 
| 112|0x000000009e000000, 0x000000009e000000, 0x000000009e400000|  0%| F|  |TAMS 0x000000009e000000, 0x000000009e000000| Untracked 
| 113|0x000000009e400000, 0x000000009e400000, 0x000000009e800000|  0%| F|  |TAMS 0x000000009e400000, 0x000000009e400000| Untracked 
| 114|0x000000009e800000, 0x000000009e800000, 0x000000009ec00000|  0%| F|  |TAMS 0x000000009e800000, 0x000000009e800000| Untracked 
| 115|0x000000009ec00000, 0x000000009ec00000, 0x000000009f000000|  0%| F|  |TAMS 0x000000009ec00000, 0x000000009ec00000| Untracked 
| 116|0x000000009f000000, 0x000000009f000000, 0x000000009f400000|  0%| F|  |TAMS 0x000000009f000000, 0x000000009f000000| Untracked 
| 117|0x000000009f400000, 0x000000009f400000, 0x000000009f800000|  0%| F|  |TAMS 0x000000009f400000, 0x000000009f400000| Untracked 
| 118|0x000000009f800000, 0x000000009f800000, 0x000000009fc00000|  0%| F|  |TAMS 0x000000009f800000, 0x000000009f800000| Untracked 
| 119|0x000000009fc00000, 0x000000009fc00000, 0x00000000a0000000|  0%| F|  |TAMS 0x000000009fc00000, 0x000000009fc00000| Untracked 
| 120|0x00000000a0000000, 0x00000000a0000000, 0x00000000a0400000|  0%| F|  |TAMS 0x00000000a0000000, 0x00000000a0000000| Untracked 
| 121|0x00000000a0400000, 0x00000000a0400000, 0x00000000a0800000|  0%| F|  |TAMS 0x00000000a0400000, 0x00000000a0400000| Untracked 
| 122|0x00000000a0800000, 0x00000000a0800000, 0x00000000a0c00000|  0%| F|  |TAMS 0x00000000a0800000, 0x00000000a0800000| Untracked 
| 123|0x00000000a0c00000, 0x00000000a0c00000, 0x00000000a1000000|  0%| F|  |TAMS 0x00000000a0c00000, 0x00000000a0c00000| Untracked 
| 124|0x00000000a1000000, 0x00000000a1000000, 0x00000000a1400000|  0%| F|  |TAMS 0x00000000a1000000, 0x00000000a1000000| Untracked 
| 125|0x00000000a1400000, 0x00000000a1400000, 0x00000000a1800000|  0%| F|  |TAMS 0x00000000a1400000, 0x00000000a1400000| Untracked 
| 126|0x00000000a1800000, 0x00000000a1800000, 0x00000000a1c00000|  0%| F|  |TAMS 0x00000000a1800000, 0x00000000a1800000| Untracked 
| 127|0x00000000a1c00000, 0x00000000a1c00000, 0x00000000a2000000|  0%| F|  |TAMS 0x00000000a1c00000, 0x00000000a1c00000| Untracked 
| 128|0x00000000a2000000, 0x00000000a2000000, 0x00000000a2400000|  0%| F|  |TAMS 0x00000000a2000000, 0x00000000a2000000| Untracked 
| 129|0x00000000a2400000, 0x00000000a2400000, 0x00000000a2800000|  0%| F|  |TAMS 0x00000000a2400000, 0x00000000a2400000| Untracked 
| 130|0x00000000a2800000, 0x00000000a2800000, 0x00000000a2c00000|  0%| F|  |TAMS 0x00000000a2800000, 0x00000000a2800000| Untracked 
| 131|0x00000000a2c00000, 0x00000000a2c00000, 0x00000000a3000000|  0%| F|  |TAMS 0x00000000a2c00000, 0x00000000a2c00000| Untracked 
| 132|0x00000000a3000000, 0x00000000a3000000, 0x00000000a3400000|  0%| F|  |TAMS 0x00000000a3000000, 0x00000000a3000000| Untracked 
| 133|0x00000000a3400000, 0x00000000a3400000, 0x00000000a3800000|  0%| F|  |TAMS 0x00000000a3400000, 0x00000000a3400000| Untracked 
| 134|0x00000000a3800000, 0x00000000a3800000, 0x00000000a3c00000|  0%| F|  |TAMS 0x00000000a3800000, 0x00000000a3800000| Untracked 
| 135|0x00000000a3c00000, 0x00000000a3c00000, 0x00000000a4000000|  0%| F|  |TAMS 0x00000000a3c00000, 0x00000000a3c00000| Untracked 
| 136|0x00000000a4000000, 0x00000000a4000000, 0x00000000a4400000|  0%| F|  |TAMS 0x00000000a4000000, 0x00000000a4000000| Untracked 
| 137|0x00000000a4400000, 0x00000000a4400000, 0x00000000a4800000|  0%| F|  |TAMS 0x00000000a4400000, 0x00000000a4400000| Untracked 
| 138|0x00000000a4800000, 0x00000000a4800000, 0x00000000a4c00000|  0%| F|  |TAMS 0x00000000a4800000, 0x00000000a4800000| Untracked 
| 139|0x00000000a4c00000, 0x00000000a4c00000, 0x00000000a5000000|  0%| F|  |TAMS 0x00000000a4c00000, 0x00000000a4c00000| Untracked 
| 140|0x00000000a5000000, 0x00000000a5000000, 0x00000000a5400000|  0%| F|  |TAMS 0x00000000a5000000, 0x00000000a5000000| Untracked 
| 141|0x00000000a5400000, 0x00000000a5400000, 0x00000000a5800000|  0%| F|  |TAMS 0x00000000a5400000, 0x00000000a5400000| Untracked 
| 142|0x00000000a5800000, 0x00000000a5800000, 0x00000000a5c00000|  0%| F|  |TAMS 0x00000000a5800000, 0x00000000a5800000| Untracked 
| 143|0x00000000a5c00000, 0x00000000a5c00000, 0x00000000a6000000|  0%| F|  |TAMS 0x00000000a5c00000, 0x00000000a5c00000| Untracked 
| 144|0x00000000a6000000, 0x00000000a6000000, 0x00000000a6400000|  0%| F|  |TAMS 0x00000000a6000000, 0x00000000a6000000| Untracked 
| 145|0x00000000a6400000, 0x00000000a6400000, 0x00000000a6800000|  0%| F|  |TAMS 0x00000000a6400000, 0x00000000a6400000| Untracked 
| 146|0x00000000a6800000, 0x00000000a6800000, 0x00000000a6c00000|  0%| F|  |TAMS 0x00000000a6800000, 0x00000000a6800000| Untracked 
| 147|0x00000000a6c00000, 0x00000000a6c00000, 0x00000000a7000000|  0%| F|  |TAMS 0x00000000a6c00000, 0x00000000a6c00000| Untracked 
| 148|0x00000000a7000000, 0x00000000a7000000, 0x00000000a7400000|  0%| F|  |TAMS 0x00000000a7000000, 0x00000000a7000000| Untracked 
| 149|0x00000000a7400000, 0x00000000a7400000, 0x00000000a7800000|  0%| F|  |TAMS 0x00000000a7400000, 0x00000000a7400000| Untracked 
| 150|0x00000000a7800000, 0x00000000a7800000, 0x00000000a7c00000|  0%| F|  |TAMS 0x00000000a7800000, 0x00000000a7800000| Untracked 
| 151|0x00000000a7c00000, 0x00000000a7c00000, 0x00000000a8000000|  0%| F|  |TAMS 0x00000000a7c00000, 0x00000000a7c00000| Untracked 
| 152|0x00000000a8000000, 0x00000000a8000000, 0x00000000a8400000|  0%| F|  |TAMS 0x00000000a8000000, 0x00000000a8000000| Untracked 
| 153|0x00000000a8400000, 0x00000000a8400000, 0x00000000a8800000|  0%| F|  |TAMS 0x00000000a8400000, 0x00000000a8400000| Untracked 
| 154|0x00000000a8800000, 0x00000000a8800000, 0x00000000a8c00000|  0%| F|  |TAMS 0x00000000a8800000, 0x00000000a8800000| Untracked 
| 155|0x00000000a8c00000, 0x00000000a8c00000, 0x00000000a9000000|  0%| F|  |TAMS 0x00000000a8c00000, 0x00000000a8c00000| Untracked 
| 156|0x00000000a9000000, 0x00000000a9000000, 0x00000000a9400000|  0%| F|  |TAMS 0x00000000a9000000, 0x00000000a9000000| Untracked 
| 157|0x00000000a9400000, 0x00000000a9400000, 0x00000000a9800000|  0%| F|  |TAMS 0x00000000a9400000, 0x00000000a9400000| Untracked 
| 158|0x00000000a9800000, 0x00000000a9800000, 0x00000000a9c00000|  0%| F|  |TAMS 0x00000000a9800000, 0x00000000a9800000| Untracked 
| 159|0x00000000a9c00000, 0x00000000a9c00000, 0x00000000aa000000|  0%| F|  |TAMS 0x00000000a9c00000, 0x00000000a9c00000| Untracked 
| 160|0x00000000aa000000, 0x00000000aa000000, 0x00000000aa400000|  0%| F|  |TAMS 0x00000000aa000000, 0x00000000aa000000| Untracked 
| 161|0x00000000aa400000, 0x00000000aa400000, 0x00000000aa800000|  0%| F|  |TAMS 0x00000000aa400000, 0x00000000aa400000| Untracked 
| 162|0x00000000aa800000, 0x00000000aa800000, 0x00000000aac00000|  0%| F|  |TAMS 0x00000000aa800000, 0x00000000aa800000| Untracked 
| 163|0x00000000aac00000, 0x00000000aac00000, 0x00000000ab000000|  0%| F|  |TAMS 0x00000000aac00000, 0x00000000aac00000| Untracked 
| 164|0x00000000ab000000, 0x00000000ab000000, 0x00000000ab400000|  0%| F|  |TAMS 0x00000000ab000000, 0x00000000ab000000| Untracked 
| 165|0x00000000ab400000, 0x00000000ab400000, 0x00000000ab800000|  0%| F|  |TAMS 0x00000000ab400000, 0x00000000ab400000| Untracked 
| 166|0x00000000ab800000, 0x00000000ab800000, 0x00000000abc00000|  0%| F|  |TAMS 0x00000000ab800000, 0x00000000ab800000| Untracked 
| 167|0x00000000abc00000, 0x00000000abc00000, 0x00000000ac000000|  0%| F|  |TAMS 0x00000000abc00000, 0x00000000abc00000| Untracked 
| 168|0x00000000ac000000, 0x00000000ac000000, 0x00000000ac400000|  0%| F|  |TAMS 0x00000000ac000000, 0x00000000ac000000| Untracked 
| 169|0x00000000ac400000, 0x00000000ac400000, 0x00000000ac800000|  0%| F|  |TAMS 0x00000000ac400000, 0x00000000ac400000| Untracked 
| 170|0x00000000ac800000, 0x00000000ac800000, 0x00000000acc00000|  0%| F|  |TAMS 0x00000000ac800000, 0x00000000ac800000| Untracked 
| 171|0x00000000acc00000, 0x00000000acc00000, 0x00000000ad000000|  0%| F|  |TAMS 0x00000000acc00000, 0x00000000acc00000| Untracked 
| 172|0x00000000ad000000, 0x00000000ad000000, 0x00000000ad400000|  0%| F|  |TAMS 0x00000000ad000000, 0x00000000ad000000| Untracked 
| 173|0x00000000ad400000, 0x00000000ad400000, 0x00000000ad800000|  0%| F|  |TAMS 0x00000000ad400000, 0x00000000ad400000| Untracked 
| 174|0x00000000ad800000, 0x00000000ad800000, 0x00000000adc00000|  0%| F|  |TAMS 0x00000000ad800000, 0x00000000ad800000| Untracked 
| 175|0x00000000adc00000, 0x00000000adc00000, 0x00000000ae000000|  0%| F|  |TAMS 0x00000000adc00000, 0x00000000adc00000| Untracked 
| 176|0x00000000ae000000, 0x00000000ae000000, 0x00000000ae400000|  0%| F|  |TAMS 0x00000000ae000000, 0x00000000ae000000| Untracked 
| 177|0x00000000ae400000, 0x00000000ae400000, 0x00000000ae800000|  0%| F|  |TAMS 0x00000000ae400000, 0x00000000ae400000| Untracked 
| 178|0x00000000ae800000, 0x00000000ae800000, 0x00000000aec00000|  0%| F|  |TAMS 0x00000000ae800000, 0x00000000ae800000| Untracked 
| 179|0x00000000aec00000, 0x00000000aec00000, 0x00000000af000000|  0%| F|  |TAMS 0x00000000aec00000, 0x00000000aec00000| Untracked 
| 180|0x00000000af000000, 0x00000000af000000, 0x00000000af400000|  0%| F|  |TAMS 0x00000000af000000, 0x00000000af000000| Untracked 
| 181|0x00000000af400000, 0x00000000af400000, 0x00000000af800000|  0%| F|  |TAMS 0x00000000af400000, 0x00000000af400000| Untracked 
| 182|0x00000000af800000, 0x00000000af800000, 0x00000000afc00000|  0%| F|  |TAMS 0x00000000af800000, 0x00000000af800000| Untracked 
| 183|0x00000000afc00000, 0x00000000afc00000, 0x00000000b0000000|  0%| F|  |TAMS 0x00000000afc00000, 0x00000000afc00000| Untracked 
| 184|0x00000000b0000000, 0x00000000b0000000, 0x00000000b0400000|  0%| F|  |TAMS 0x00000000b0000000, 0x00000000b0000000| Untracked 
| 185|0x00000000b0400000, 0x00000000b0400000, 0x00000000b0800000|  0%| F|  |TAMS 0x00000000b0400000, 0x00000000b0400000| Untracked 
| 186|0x00000000b0800000, 0x00000000b0800000, 0x00000000b0c00000|  0%| F|  |TAMS 0x00000000b0800000, 0x00000000b0800000| Untracked 
| 187|0x00000000b0c00000, 0x00000000b0c00000, 0x00000000b1000000|  0%| F|  |TAMS 0x00000000b0c00000, 0x00000000b0c00000| Untracked 
| 188|0x00000000b1000000, 0x00000000b1000000, 0x00000000b1400000|  0%| F|  |TAMS 0x00000000b1000000, 0x00000000b1000000| Untracked 
| 189|0x00000000b1400000, 0x00000000b1400000, 0x00000000b1800000|  0%| F|  |TAMS 0x00000000b1400000, 0x00000000b1400000| Untracked 
| 190|0x00000000b1800000, 0x00000000b1800000, 0x00000000b1c00000|  0%| F|  |TAMS 0x00000000b1800000, 0x00000000b1800000| Untracked 
| 191|0x00000000b1c00000, 0x00000000b1c00000, 0x00000000b2000000|  0%| F|  |TAMS 0x00000000b1c00000, 0x00000000b1c00000| Untracked 
| 192|0x00000000b2000000, 0x00000000b2000000, 0x00000000b2400000|  0%| F|  |TAMS 0x00000000b2000000, 0x00000000b2000000| Untracked 
| 193|0x00000000b2400000, 0x00000000b2400000, 0x00000000b2800000|  0%| F|  |TAMS 0x00000000b2400000, 0x00000000b2400000| Untracked 
| 194|0x00000000b2800000, 0x00000000b2800000, 0x00000000b2c00000|  0%| F|  |TAMS 0x00000000b2800000, 0x00000000b2800000| Untracked 
| 195|0x00000000b2c00000, 0x00000000b2c00000, 0x00000000b3000000|  0%| F|  |TAMS 0x00000000b2c00000, 0x00000000b2c00000| Untracked 
| 196|0x00000000b3000000, 0x00000000b3000000, 0x00000000b3400000|  0%| F|  |TAMS 0x00000000b3000000, 0x00000000b3000000| Untracked 
| 197|0x00000000b3400000, 0x00000000b3400000, 0x00000000b3800000|  0%| F|  |TAMS 0x00000000b3400000, 0x00000000b3400000| Untracked 
| 198|0x00000000b3800000, 0x00000000b3800000, 0x00000000b3c00000|  0%| F|  |TAMS 0x00000000b3800000, 0x00000000b3800000| Untracked 
| 199|0x00000000b3c00000, 0x00000000b3c00000, 0x00000000b4000000|  0%| F|  |TAMS 0x00000000b3c00000, 0x00000000b3c00000| Untracked 
| 200|0x00000000b4000000, 0x00000000b4000000, 0x00000000b4400000|  0%| F|  |TAMS 0x00000000b4000000, 0x00000000b4000000| Untracked 
| 201|0x00000000b4400000, 0x00000000b4400000, 0x00000000b4800000|  0%| F|  |TAMS 0x00000000b4400000, 0x00000000b4400000| Untracked 
| 202|0x00000000b4800000, 0x00000000b4800000, 0x00000000b4c00000|  0%| F|  |TAMS 0x00000000b4800000, 0x00000000b4800000| Untracked 
| 203|0x00000000b4c00000, 0x00000000b4c00000, 0x00000000b5000000|  0%| F|  |TAMS 0x00000000b4c00000, 0x00000000b4c00000| Untracked 
| 204|0x00000000b5000000, 0x00000000b5000000, 0x00000000b5400000|  0%| F|  |TAMS 0x00000000b5000000, 0x00000000b5000000| Untracked 
| 205|0x00000000b5400000, 0x00000000b5400000, 0x00000000b5800000|  0%| F|  |TAMS 0x00000000b5400000, 0x00000000b5400000| Untracked 
| 206|0x00000000b5800000, 0x00000000b5800000, 0x00000000b5c00000|  0%| F|  |TAMS 0x00000000b5800000, 0x00000000b5800000| Untracked 
| 207|0x00000000b5c00000, 0x00000000b5c00000, 0x00000000b6000000|  0%| F|  |TAMS 0x00000000b5c00000, 0x00000000b5c00000| Untracked 
| 208|0x00000000b6000000, 0x00000000b6000000, 0x00000000b6400000|  0%| F|  |TAMS 0x00000000b6000000, 0x00000000b6000000| Untracked 
| 209|0x00000000b6400000, 0x00000000b6400000, 0x00000000b6800000|  0%| F|  |TAMS 0x00000000b6400000, 0x00000000b6400000| Untracked 
| 210|0x00000000b6800000, 0x00000000b6800000, 0x00000000b6c00000|  0%| F|  |TAMS 0x00000000b6800000, 0x00000000b6800000| Untracked 
| 211|0x00000000b6c00000, 0x00000000b6c00000, 0x00000000b7000000|  0%| F|  |TAMS 0x00000000b6c00000, 0x00000000b6c00000| Untracked 
| 212|0x00000000b7000000, 0x00000000b7000000, 0x00000000b7400000|  0%| F|  |TAMS 0x00000000b7000000, 0x00000000b7000000| Untracked 
| 213|0x00000000b7400000, 0x00000000b7400000, 0x00000000b7800000|  0%| F|  |TAMS 0x00000000b7400000, 0x00000000b7400000| Untracked 
| 214|0x00000000b7800000, 0x00000000b7800000, 0x00000000b7c00000|  0%| F|  |TAMS 0x00000000b7800000, 0x00000000b7800000| Untracked 
| 215|0x00000000b7c00000, 0x00000000b7c00000, 0x00000000b8000000|  0%| F|  |TAMS 0x00000000b7c00000, 0x00000000b7c00000| Untracked 
| 216|0x00000000b8000000, 0x00000000b8000000, 0x00000000b8400000|  0%| F|  |TAMS 0x00000000b8000000, 0x00000000b8000000| Untracked 
| 217|0x00000000b8400000, 0x00000000b8400000, 0x00000000b8800000|  0%| F|  |TAMS 0x00000000b8400000, 0x00000000b8400000| Untracked 
| 218|0x00000000b8800000, 0x00000000b8800000, 0x00000000b8c00000|  0%| F|  |TAMS 0x00000000b8800000, 0x00000000b8800000| Untracked 
| 219|0x00000000b8c00000, 0x00000000b8c00000, 0x00000000b9000000|  0%| F|  |TAMS 0x00000000b8c00000, 0x00000000b8c00000| Untracked 
| 220|0x00000000b9000000, 0x00000000b9000000, 0x00000000b9400000|  0%| F|  |TAMS 0x00000000b9000000, 0x00000000b9000000| Untracked 
| 221|0x00000000b9400000, 0x00000000b9400000, 0x00000000b9800000|  0%| F|  |TAMS 0x00000000b9400000, 0x00000000b9400000| Untracked 
| 222|0x00000000b9800000, 0x00000000b9800000, 0x00000000b9c00000|  0%| F|  |TAMS 0x00000000b9800000, 0x00000000b9800000| Untracked 
| 223|0x00000000b9c00000, 0x00000000b9c00000, 0x00000000ba000000|  0%| F|  |TAMS 0x00000000b9c00000, 0x00000000b9c00000| Untracked 
| 224|0x00000000ba000000, 0x00000000ba000000, 0x00000000ba400000|  0%| F|  |TAMS 0x00000000ba000000, 0x00000000ba000000| Untracked 
| 225|0x00000000ba400000, 0x00000000ba400000, 0x00000000ba800000|  0%| F|  |TAMS 0x00000000ba400000, 0x00000000ba400000| Untracked 
| 226|0x00000000ba800000, 0x00000000ba800000, 0x00000000bac00000|  0%| F|  |TAMS 0x00000000ba800000, 0x00000000ba800000| Untracked 
| 227|0x00000000bac00000, 0x00000000bac00000, 0x00000000bb000000|  0%| F|  |TAMS 0x00000000bac00000, 0x00000000bac00000| Untracked 
| 228|0x00000000bb000000, 0x00000000bb000000, 0x00000000bb400000|  0%| F|  |TAMS 0x00000000bb000000, 0x00000000bb000000| Untracked 
| 229|0x00000000bb400000, 0x00000000bb400000, 0x00000000bb800000|  0%| F|  |TAMS 0x00000000bb400000, 0x00000000bb400000| Untracked 
| 230|0x00000000bb800000, 0x00000000bb800000, 0x00000000bbc00000|  0%| F|  |TAMS 0x00000000bb800000, 0x00000000bb800000| Untracked 
| 231|0x00000000bbc00000, 0x00000000bbc00000, 0x00000000bc000000|  0%| F|  |TAMS 0x00000000bbc00000, 0x00000000bbc00000| Untracked 
| 232|0x00000000bc000000, 0x00000000bc000000, 0x00000000bc400000|  0%| F|  |TAMS 0x00000000bc000000, 0x00000000bc000000| Untracked 
| 233|0x00000000bc400000, 0x00000000bc400000, 0x00000000bc800000|  0%| F|  |TAMS 0x00000000bc400000, 0x00000000bc400000| Untracked 
| 234|0x00000000bc800000, 0x00000000bc800000, 0x00000000bcc00000|  0%| F|  |TAMS 0x00000000bc800000, 0x00000000bc800000| Untracked 
| 235|0x00000000bcc00000, 0x00000000bcc00000, 0x00000000bd000000|  0%| F|  |TAMS 0x00000000bcc00000, 0x00000000bcc00000| Untracked 
| 236|0x00000000bd000000, 0x00000000bd000000, 0x00000000bd400000|  0%| F|  |TAMS 0x00000000bd000000, 0x00000000bd000000| Untracked 
| 237|0x00000000bd400000, 0x00000000bd400000, 0x00000000bd800000|  0%| F|  |TAMS 0x00000000bd400000, 0x00000000bd400000| Untracked 
| 238|0x00000000bd800000, 0x00000000bd800000, 0x00000000bdc00000|  0%| F|  |TAMS 0x00000000bd800000, 0x00000000bd800000| Untracked 
| 239|0x00000000bdc00000, 0x00000000bdc00000, 0x00000000be000000|  0%| F|  |TAMS 0x00000000bdc00000, 0x00000000bdc00000| Untracked 
| 240|0x00000000be000000, 0x00000000be000000, 0x00000000be400000|  0%| F|  |TAMS 0x00000000be000000, 0x00000000be000000| Untracked 
| 241|0x00000000be400000, 0x00000000be400000, 0x00000000be800000|  0%| F|  |TAMS 0x00000000be400000, 0x00000000be400000| Untracked 
| 242|0x00000000be800000, 0x00000000be800000, 0x00000000bec00000|  0%| F|  |TAMS 0x00000000be800000, 0x00000000be800000| Untracked 
| 243|0x00000000bec00000, 0x00000000bec00000, 0x00000000bf000000|  0%| F|  |TAMS 0x00000000bec00000, 0x00000000bec00000| Untracked 
| 244|0x00000000bf000000, 0x00000000bf000000, 0x00000000bf400000|  0%| F|  |TAMS 0x00000000bf000000, 0x00000000bf000000| Untracked 
| 245|0x00000000bf400000, 0x00000000bf400000, 0x00000000bf800000|  0%| F|  |TAMS 0x00000000bf400000, 0x00000000bf400000| Untracked 
| 246|0x00000000bf800000, 0x00000000bf800000, 0x00000000bfc00000|  0%| F|  |TAMS 0x00000000bf800000, 0x00000000bf800000| Untracked 
| 247|0x00000000bfc00000, 0x00000000bfc00000, 0x00000000c0000000|  0%| F|  |TAMS 0x00000000bfc00000, 0x00000000bfc00000| Untracked 
| 248|0x00000000c0000000, 0x00000000c0000000, 0x00000000c0400000|  0%| F|  |TAMS 0x00000000c0000000, 0x00000000c0000000| Untracked 
| 249|0x00000000c0400000, 0x00000000c0400000, 0x00000000c0800000|  0%| F|  |TAMS 0x00000000c0400000, 0x00000000c0400000| Untracked 
| 250|0x00000000c0800000, 0x00000000c0800000, 0x00000000c0c00000|  0%| F|  |TAMS 0x00000000c0800000, 0x00000000c0800000| Untracked 
| 251|0x00000000c0c00000, 0x00000000c0c00000, 0x00000000c1000000|  0%| F|  |TAMS 0x00000000c0c00000, 0x00000000c0c00000| Untracked 
| 252|0x00000000c1000000, 0x00000000c1000000, 0x00000000c1400000|  0%| F|  |TAMS 0x00000000c1000000, 0x00000000c1000000| Untracked 
| 253|0x00000000c1400000, 0x00000000c1400000, 0x00000000c1800000|  0%| F|  |TAMS 0x00000000c1400000, 0x00000000c1400000| Untracked 
| 254|0x00000000c1800000, 0x00000000c1800000, 0x00000000c1c00000|  0%| F|  |TAMS 0x00000000c1800000, 0x00000000c1800000| Untracked 
| 255|0x00000000c1c00000, 0x00000000c1c00000, 0x00000000c2000000|  0%| F|  |TAMS 0x00000000c1c00000, 0x00000000c1c00000| Untracked 
| 256|0x00000000c2000000, 0x00000000c2000000, 0x00000000c2400000|  0%| F|  |TAMS 0x00000000c2000000, 0x00000000c2000000| Untracked 
| 257|0x00000000c2400000, 0x00000000c2400000, 0x00000000c2800000|  0%| F|  |TAMS 0x00000000c2400000, 0x00000000c2400000| Untracked 
| 258|0x00000000c2800000, 0x00000000c2800000, 0x00000000c2c00000|  0%| F|  |TAMS 0x00000000c2800000, 0x00000000c2800000| Untracked 
| 259|0x00000000c2c00000, 0x00000000c2c00000, 0x00000000c3000000|  0%| F|  |TAMS 0x00000000c2c00000, 0x00000000c2c00000| Untracked 
| 260|0x00000000c3000000, 0x00000000c3000000, 0x00000000c3400000|  0%| F|  |TAMS 0x00000000c3000000, 0x00000000c3000000| Untracked 
| 261|0x00000000c3400000, 0x00000000c3400000, 0x00000000c3800000|  0%| F|  |TAMS 0x00000000c3400000, 0x00000000c3400000| Untracked 
| 262|0x00000000c3800000, 0x00000000c3800000, 0x00000000c3c00000|  0%| F|  |TAMS 0x00000000c3800000, 0x00000000c3800000| Untracked 
| 263|0x00000000c3c00000, 0x00000000c3c00000, 0x00000000c4000000|  0%| F|  |TAMS 0x00000000c3c00000, 0x00000000c3c00000| Untracked 
| 264|0x00000000c4000000, 0x00000000c4000000, 0x00000000c4400000|  0%| F|  |TAMS 0x00000000c4000000, 0x00000000c4000000| Untracked 
| 265|0x00000000c4400000, 0x00000000c4400000, 0x00000000c4800000|  0%| F|  |TAMS 0x00000000c4400000, 0x00000000c4400000| Untracked 
| 266|0x00000000c4800000, 0x00000000c4800000, 0x00000000c4c00000|  0%| F|  |TAMS 0x00000000c4800000, 0x00000000c4800000| Untracked 
| 267|0x00000000c4c00000, 0x00000000c4c00000, 0x00000000c5000000|  0%| F|  |TAMS 0x00000000c4c00000, 0x00000000c4c00000| Untracked 
| 268|0x00000000c5000000, 0x00000000c5000000, 0x00000000c5400000|  0%| F|  |TAMS 0x00000000c5000000, 0x00000000c5000000| Untracked 
| 269|0x00000000c5400000, 0x00000000c5400000, 0x00000000c5800000|  0%| F|  |TAMS 0x00000000c5400000, 0x00000000c5400000| Untracked 
| 270|0x00000000c5800000, 0x00000000c5800000, 0x00000000c5c00000|  0%| F|  |TAMS 0x00000000c5800000, 0x00000000c5800000| Untracked 
| 271|0x00000000c5c00000, 0x00000000c5c00000, 0x00000000c6000000|  0%| F|  |TAMS 0x00000000c5c00000, 0x00000000c5c00000| Untracked 
| 272|0x00000000c6000000, 0x00000000c6000000, 0x00000000c6400000|  0%| F|  |TAMS 0x00000000c6000000, 0x00000000c6000000| Untracked 
| 273|0x00000000c6400000, 0x00000000c6400000, 0x00000000c6800000|  0%| F|  |TAMS 0x00000000c6400000, 0x00000000c6400000| Untracked 
| 274|0x00000000c6800000, 0x00000000c6800000, 0x00000000c6c00000|  0%| F|  |TAMS 0x00000000c6800000, 0x00000000c6800000| Untracked 
| 275|0x00000000c6c00000, 0x00000000c6c00000, 0x00000000c7000000|  0%| F|  |TAMS 0x00000000c6c00000, 0x00000000c6c00000| Untracked 
| 276|0x00000000c7000000, 0x00000000c7000000, 0x00000000c7400000|  0%| F|  |TAMS 0x00000000c7000000, 0x00000000c7000000| Untracked 
| 277|0x00000000c7400000, 0x00000000c7400000, 0x00000000c7800000|  0%| F|  |TAMS 0x00000000c7400000, 0x00000000c7400000| Untracked 
| 278|0x00000000c7800000, 0x00000000c7800000, 0x00000000c7c00000|  0%| F|  |TAMS 0x00000000c7800000, 0x00000000c7800000| Untracked 
| 279|0x00000000c7c00000, 0x00000000c7c00000, 0x00000000c8000000|  0%| F|  |TAMS 0x00000000c7c00000, 0x00000000c7c00000| Untracked 
| 280|0x00000000c8000000, 0x00000000c8000000, 0x00000000c8400000|  0%| F|  |TAMS 0x00000000c8000000, 0x00000000c8000000| Untracked 
| 281|0x00000000c8400000, 0x00000000c8400000, 0x00000000c8800000|  0%| F|  |TAMS 0x00000000c8400000, 0x00000000c8400000| Untracked 
| 282|0x00000000c8800000, 0x00000000c8800000, 0x00000000c8c00000|  0%| F|  |TAMS 0x00000000c8800000, 0x00000000c8800000| Untracked 
| 283|0x00000000c8c00000, 0x00000000c8c00000, 0x00000000c9000000|  0%| F|  |TAMS 0x00000000c8c00000, 0x00000000c8c00000| Untracked 
| 284|0x00000000c9000000, 0x00000000c9000000, 0x00000000c9400000|  0%| F|  |TAMS 0x00000000c9000000, 0x00000000c9000000| Untracked 
| 285|0x00000000c9400000, 0x00000000c9400000, 0x00000000c9800000|  0%| F|  |TAMS 0x00000000c9400000, 0x00000000c9400000| Untracked 
| 286|0x00000000c9800000, 0x00000000c9800000, 0x00000000c9c00000|  0%| F|  |TAMS 0x00000000c9800000, 0x00000000c9800000| Untracked 
| 287|0x00000000c9c00000, 0x00000000c9c00000, 0x00000000ca000000|  0%| F|  |TAMS 0x00000000c9c00000, 0x00000000c9c00000| Untracked 
| 288|0x00000000ca000000, 0x00000000ca000000, 0x00000000ca400000|  0%| F|  |TAMS 0x00000000ca000000, 0x00000000ca000000| Untracked 
| 289|0x00000000ca400000, 0x00000000ca400000, 0x00000000ca800000|  0%| F|  |TAMS 0x00000000ca400000, 0x00000000ca400000| Untracked 
| 290|0x00000000ca800000, 0x00000000ca800000, 0x00000000cac00000|  0%| F|  |TAMS 0x00000000ca800000, 0x00000000ca800000| Untracked 
| 291|0x00000000cac00000, 0x00000000cac00000, 0x00000000cb000000|  0%| F|  |TAMS 0x00000000cac00000, 0x00000000cac00000| Untracked 
| 292|0x00000000cb000000, 0x00000000cb000000, 0x00000000cb400000|  0%| F|  |TAMS 0x00000000cb000000, 0x00000000cb000000| Untracked 
| 293|0x00000000cb400000, 0x00000000cb400000, 0x00000000cb800000|  0%| F|  |TAMS 0x00000000cb400000, 0x00000000cb400000| Untracked 
| 294|0x00000000cb800000, 0x00000000cb800000, 0x00000000cbc00000|  0%| F|  |TAMS 0x00000000cb800000, 0x00000000cb800000| Untracked 
| 295|0x00000000cbc00000, 0x00000000cbc00000, 0x00000000cc000000|  0%| F|  |TAMS 0x00000000cbc00000, 0x00000000cbc00000| Untracked 
| 296|0x00000000cc000000, 0x00000000cc000000, 0x00000000cc400000|  0%| F|  |TAMS 0x00000000cc000000, 0x00000000cc000000| Untracked 
| 297|0x00000000cc400000, 0x00000000cc400000, 0x00000000cc800000|  0%| F|  |TAMS 0x00000000cc400000, 0x00000000cc400000| Untracked 
| 298|0x00000000cc800000, 0x00000000cc800000, 0x00000000ccc00000|  0%| F|  |TAMS 0x00000000cc800000, 0x00000000cc800000| Untracked 
| 299|0x00000000ccc00000, 0x00000000ccc00000, 0x00000000cd000000|  0%| F|  |TAMS 0x00000000ccc00000, 0x00000000ccc00000| Untracked 
| 300|0x00000000cd000000, 0x00000000cd000000, 0x00000000cd400000|  0%| F|  |TAMS 0x00000000cd000000, 0x00000000cd000000| Untracked 
| 301|0x00000000cd400000, 0x00000000cd400000, 0x00000000cd800000|  0%| F|  |TAMS 0x00000000cd400000, 0x00000000cd400000| Untracked 
| 302|0x00000000cd800000, 0x00000000cd800000, 0x00000000cdc00000|  0%| F|  |TAMS 0x00000000cd800000, 0x00000000cd800000| Untracked 
| 303|0x00000000cdc00000, 0x00000000cdc00000, 0x00000000ce000000|  0%| F|  |TAMS 0x00000000cdc00000, 0x00000000cdc00000| Untracked 
| 304|0x00000000ce000000, 0x00000000ce000000, 0x00000000ce400000|  0%| F|  |TAMS 0x00000000ce000000, 0x00000000ce000000| Untracked 
| 305|0x00000000ce400000, 0x00000000ce400000, 0x00000000ce800000|  0%| F|  |TAMS 0x00000000ce400000, 0x00000000ce400000| Untracked 
| 306|0x00000000ce800000, 0x00000000ce800000, 0x00000000cec00000|  0%| F|  |TAMS 0x00000000ce800000, 0x00000000ce800000| Untracked 
| 307|0x00000000cec00000, 0x00000000cec00000, 0x00000000cf000000|  0%| F|  |TAMS 0x00000000cec00000, 0x00000000cec00000| Untracked 
| 308|0x00000000cf000000, 0x00000000cf000000, 0x00000000cf400000|  0%| F|  |TAMS 0x00000000cf000000, 0x00000000cf000000| Untracked 
| 309|0x00000000cf400000, 0x00000000cf400000, 0x00000000cf800000|  0%| F|  |TAMS 0x00000000cf400000, 0x00000000cf400000| Untracked 
| 310|0x00000000cf800000, 0x00000000cf800000, 0x00000000cfc00000|  0%| F|  |TAMS 0x00000000cf800000, 0x00000000cf800000| Untracked 
| 311|0x00000000cfc00000, 0x00000000cfc00000, 0x00000000d0000000|  0%| F|  |TAMS 0x00000000cfc00000, 0x00000000cfc00000| Untracked 
| 312|0x00000000d0000000, 0x00000000d0000000, 0x00000000d0400000|  0%| F|  |TAMS 0x00000000d0000000, 0x00000000d0000000| Untracked 
| 313|0x00000000d0400000, 0x00000000d0400000, 0x00000000d0800000|  0%| F|  |TAMS 0x00000000d0400000, 0x00000000d0400000| Untracked 
| 314|0x00000000d0800000, 0x00000000d0800000, 0x00000000d0c00000|  0%| F|  |TAMS 0x00000000d0800000, 0x00000000d0800000| Untracked 
| 315|0x00000000d0c00000, 0x00000000d0c00000, 0x00000000d1000000|  0%| F|  |TAMS 0x00000000d0c00000, 0x00000000d0c00000| Untracked 
| 316|0x00000000d1000000, 0x00000000d1000000, 0x00000000d1400000|  0%| F|  |TAMS 0x00000000d1000000, 0x00000000d1000000| Untracked 
| 317|0x00000000d1400000, 0x00000000d1400000, 0x00000000d1800000|  0%| F|  |TAMS 0x00000000d1400000, 0x00000000d1400000| Untracked 
| 318|0x00000000d1800000, 0x00000000d1800000, 0x00000000d1c00000|  0%| F|  |TAMS 0x00000000d1800000, 0x00000000d1800000| Untracked 
| 319|0x00000000d1c00000, 0x00000000d1c00000, 0x00000000d2000000|  0%| F|  |TAMS 0x00000000d1c00000, 0x00000000d1c00000| Untracked 
| 320|0x00000000d2000000, 0x00000000d2000000, 0x00000000d2400000|  0%| F|  |TAMS 0x00000000d2000000, 0x00000000d2000000| Untracked 
| 321|0x00000000d2400000, 0x00000000d2400000, 0x00000000d2800000|  0%| F|  |TAMS 0x00000000d2400000, 0x00000000d2400000| Untracked 
| 322|0x00000000d2800000, 0x00000000d2800000, 0x00000000d2c00000|  0%| F|  |TAMS 0x00000000d2800000, 0x00000000d2800000| Untracked 
| 323|0x00000000d2c00000, 0x00000000d2c00000, 0x00000000d3000000|  0%| F|  |TAMS 0x00000000d2c00000, 0x00000000d2c00000| Untracked 
| 324|0x00000000d3000000, 0x00000000d3000000, 0x00000000d3400000|  0%| F|  |TAMS 0x00000000d3000000, 0x00000000d3000000| Untracked 
| 325|0x00000000d3400000, 0x00000000d3400000, 0x00000000d3800000|  0%| F|  |TAMS 0x00000000d3400000, 0x00000000d3400000| Untracked 
| 326|0x00000000d3800000, 0x00000000d3800000, 0x00000000d3c00000|  0%| F|  |TAMS 0x00000000d3800000, 0x00000000d3800000| Untracked 
| 327|0x00000000d3c00000, 0x00000000d3c00000, 0x00000000d4000000|  0%| F|  |TAMS 0x00000000d3c00000, 0x00000000d3c00000| Untracked 
| 328|0x00000000d4000000, 0x00000000d4000000, 0x00000000d4400000|  0%| F|  |TAMS 0x00000000d4000000, 0x00000000d4000000| Untracked 
| 329|0x00000000d4400000, 0x00000000d4400000, 0x00000000d4800000|  0%| F|  |TAMS 0x00000000d4400000, 0x00000000d4400000| Untracked 
| 330|0x00000000d4800000, 0x00000000d4800000, 0x00000000d4c00000|  0%| F|  |TAMS 0x00000000d4800000, 0x00000000d4800000| Untracked 
| 331|0x00000000d4c00000, 0x00000000d4c00000, 0x00000000d5000000|  0%| F|  |TAMS 0x00000000d4c00000, 0x00000000d4c00000| Untracked 
| 332|0x00000000d5000000, 0x00000000d5000000, 0x00000000d5400000|  0%| F|  |TAMS 0x00000000d5000000, 0x00000000d5000000| Untracked 
| 333|0x00000000d5400000, 0x00000000d5400000, 0x00000000d5800000|  0%| F|  |TAMS 0x00000000d5400000, 0x00000000d5400000| Untracked 
| 334|0x00000000d5800000, 0x00000000d5800000, 0x00000000d5c00000|  0%| F|  |TAMS 0x00000000d5800000, 0x00000000d5800000| Untracked 
| 335|0x00000000d5c00000, 0x00000000d5c00000, 0x00000000d6000000|  0%| F|  |TAMS 0x00000000d5c00000, 0x00000000d5c00000| Untracked 
| 336|0x00000000d6000000, 0x00000000d6000000, 0x00000000d6400000|  0%| F|  |TAMS 0x00000000d6000000, 0x00000000d6000000| Untracked 
| 337|0x00000000d6400000, 0x00000000d6400000, 0x00000000d6800000|  0%| F|  |TAMS 0x00000000d6400000, 0x00000000d6400000| Untracked 
| 338|0x00000000d6800000, 0x00000000d6800000, 0x00000000d6c00000|  0%| F|  |TAMS 0x00000000d6800000, 0x00000000d6800000| Untracked 
| 339|0x00000000d6c00000, 0x00000000d6c00000, 0x00000000d7000000|  0%| F|  |TAMS 0x00000000d6c00000, 0x00000000d6c00000| Untracked 
| 340|0x00000000d7000000, 0x00000000d7000000, 0x00000000d7400000|  0%| F|  |TAMS 0x00000000d7000000, 0x00000000d7000000| Untracked 
| 341|0x00000000d7400000, 0x00000000d7400000, 0x00000000d7800000|  0%| F|  |TAMS 0x00000000d7400000, 0x00000000d7400000| Untracked 
| 342|0x00000000d7800000, 0x00000000d7800000, 0x00000000d7c00000|  0%| F|  |TAMS 0x00000000d7800000, 0x00000000d7800000| Untracked 
| 343|0x00000000d7c00000, 0x00000000d7c00000, 0x00000000d8000000|  0%| F|  |TAMS 0x00000000d7c00000, 0x00000000d7c00000| Untracked 
| 344|0x00000000d8000000, 0x00000000d8000000, 0x00000000d8400000|  0%| F|  |TAMS 0x00000000d8000000, 0x00000000d8000000| Untracked 
| 345|0x00000000d8400000, 0x00000000d8400000, 0x00000000d8800000|  0%| F|  |TAMS 0x00000000d8400000, 0x00000000d8400000| Untracked 
| 346|0x00000000d8800000, 0x00000000d8800000, 0x00000000d8c00000|  0%| F|  |TAMS 0x00000000d8800000, 0x00000000d8800000| Untracked 
| 347|0x00000000d8c00000, 0x00000000d8c00000, 0x00000000d9000000|  0%| F|  |TAMS 0x00000000d8c00000, 0x00000000d8c00000| Untracked 
| 348|0x00000000d9000000, 0x00000000d9000000, 0x00000000d9400000|  0%| F|  |TAMS 0x00000000d9000000, 0x00000000d9000000| Untracked 
| 349|0x00000000d9400000, 0x00000000d9400000, 0x00000000d9800000|  0%| F|  |TAMS 0x00000000d9400000, 0x00000000d9400000| Untracked 
| 350|0x00000000d9800000, 0x00000000d9800000, 0x00000000d9c00000|  0%| F|  |TAMS 0x00000000d9800000, 0x00000000d9800000| Untracked 
| 351|0x00000000d9c00000, 0x00000000d9c00000, 0x00000000da000000|  0%| F|  |TAMS 0x00000000d9c00000, 0x00000000d9c00000| Untracked 
| 352|0x00000000da000000, 0x00000000da000000, 0x00000000da400000|  0%| F|  |TAMS 0x00000000da000000, 0x00000000da000000| Untracked 
| 353|0x00000000da400000, 0x00000000da400000, 0x00000000da800000|  0%| F|  |TAMS 0x00000000da400000, 0x00000000da400000| Untracked 
| 354|0x00000000da800000, 0x00000000da800000, 0x00000000dac00000|  0%| F|  |TAMS 0x00000000da800000, 0x00000000da800000| Untracked 
| 355|0x00000000dac00000, 0x00000000dac00000, 0x00000000db000000|  0%| F|  |TAMS 0x00000000dac00000, 0x00000000dac00000| Untracked 
| 356|0x00000000db000000, 0x00000000db000000, 0x00000000db400000|  0%| F|  |TAMS 0x00000000db000000, 0x00000000db000000| Untracked 
| 357|0x00000000db400000, 0x00000000db400000, 0x00000000db800000|  0%| F|  |TAMS 0x00000000db400000, 0x00000000db400000| Untracked 
| 358|0x00000000db800000, 0x00000000db800000, 0x00000000dbc00000|  0%| F|  |TAMS 0x00000000db800000, 0x00000000db800000| Untracked 
| 359|0x00000000dbc00000, 0x00000000dbc00000, 0x00000000dc000000|  0%| F|  |TAMS 0x00000000dbc00000, 0x00000000dbc00000| Untracked 
| 360|0x00000000dc000000, 0x00000000dc000000, 0x00000000dc400000|  0%| F|  |TAMS 0x00000000dc000000, 0x00000000dc000000| Untracked 
| 361|0x00000000dc400000, 0x00000000dc400000, 0x00000000dc800000|  0%| F|  |TAMS 0x00000000dc400000, 0x00000000dc400000| Untracked 
| 362|0x00000000dc800000, 0x00000000dc800000, 0x00000000dcc00000|  0%| F|  |TAMS 0x00000000dc800000, 0x00000000dc800000| Untracked 
| 363|0x00000000dcc00000, 0x00000000dcc00000, 0x00000000dd000000|  0%| F|  |TAMS 0x00000000dcc00000, 0x00000000dcc00000| Untracked 
| 364|0x00000000dd000000, 0x00000000dd000000, 0x00000000dd400000|  0%| F|  |TAMS 0x00000000dd000000, 0x00000000dd000000| Untracked 
| 365|0x00000000dd400000, 0x00000000dd400000, 0x00000000dd800000|  0%| F|  |TAMS 0x00000000dd400000, 0x00000000dd400000| Untracked 
| 366|0x00000000dd800000, 0x00000000dd800000, 0x00000000ddc00000|  0%| F|  |TAMS 0x00000000dd800000, 0x00000000dd800000| Untracked 
| 367|0x00000000ddc00000, 0x00000000ddc00000, 0x00000000de000000|  0%| F|  |TAMS 0x00000000ddc00000, 0x00000000ddc00000| Untracked 
| 368|0x00000000de000000, 0x00000000de000000, 0x00000000de400000|  0%| F|  |TAMS 0x00000000de000000, 0x00000000de000000| Untracked 
| 369|0x00000000de400000, 0x00000000de400000, 0x00000000de800000|  0%| F|  |TAMS 0x00000000de400000, 0x00000000de400000| Untracked 
| 370|0x00000000de800000, 0x00000000de800000, 0x00000000dec00000|  0%| F|  |TAMS 0x00000000de800000, 0x00000000de800000| Untracked 
| 371|0x00000000dec00000, 0x00000000dec00000, 0x00000000df000000|  0%| F|  |TAMS 0x00000000dec00000, 0x00000000dec00000| Untracked 
| 372|0x00000000df000000, 0x00000000df000000, 0x00000000df400000|  0%| F|  |TAMS 0x00000000df000000, 0x00000000df000000| Untracked 
| 373|0x00000000df400000, 0x00000000df400000, 0x00000000df800000|  0%| F|  |TAMS 0x00000000df400000, 0x00000000df400000| Untracked 
| 374|0x00000000df800000, 0x00000000df800000, 0x00000000dfc00000|  0%| F|  |TAMS 0x00000000df800000, 0x00000000df800000| Untracked 
| 375|0x00000000dfc00000, 0x00000000dfc00000, 0x00000000e0000000|  0%| F|  |TAMS 0x00000000dfc00000, 0x00000000dfc00000| Untracked 
| 376|0x00000000e0000000, 0x00000000e0000000, 0x00000000e0400000|  0%| F|  |TAMS 0x00000000e0000000, 0x00000000e0000000| Untracked 
| 377|0x00000000e0400000, 0x00000000e0400000, 0x00000000e0800000|  0%| F|  |TAMS 0x00000000e0400000, 0x00000000e0400000| Untracked 
| 378|0x00000000e0800000, 0x00000000e0800000, 0x00000000e0c00000|  0%| F|  |TAMS 0x00000000e0800000, 0x00000000e0800000| Untracked 
| 379|0x00000000e0c00000, 0x00000000e0c00000, 0x00000000e1000000|  0%| F|  |TAMS 0x00000000e0c00000, 0x00000000e0c00000| Untracked 
| 380|0x00000000e1000000, 0x00000000e1000000, 0x00000000e1400000|  0%| F|  |TAMS 0x00000000e1000000, 0x00000000e1000000| Untracked 
| 381|0x00000000e1400000, 0x00000000e1400000, 0x00000000e1800000|  0%| F|  |TAMS 0x00000000e1400000, 0x00000000e1400000| Untracked 
| 382|0x00000000e1800000, 0x00000000e1800000, 0x00000000e1c00000|  0%| F|  |TAMS 0x00000000e1800000, 0x00000000e1800000| Untracked 
| 383|0x00000000e1c00000, 0x00000000e1c00000, 0x00000000e2000000|  0%| F|  |TAMS 0x00000000e1c00000, 0x00000000e1c00000| Untracked 
| 384|0x00000000e2000000, 0x00000000e2000000, 0x00000000e2400000|  0%| F|  |TAMS 0x00000000e2000000, 0x00000000e2000000| Untracked 
| 385|0x00000000e2400000, 0x00000000e2400000, 0x00000000e2800000|  0%| F|  |TAMS 0x00000000e2400000, 0x00000000e2400000| Untracked 
| 386|0x00000000e2800000, 0x00000000e2800000, 0x00000000e2c00000|  0%| F|  |TAMS 0x00000000e2800000, 0x00000000e2800000| Untracked 
| 387|0x00000000e2c00000, 0x00000000e2c00000, 0x00000000e3000000|  0%| F|  |TAMS 0x00000000e2c00000, 0x00000000e2c00000| Untracked 
| 388|0x00000000e3000000, 0x00000000e3000000, 0x00000000e3400000|  0%| F|  |TAMS 0x00000000e3000000, 0x00000000e3000000| Untracked 
| 389|0x00000000e3400000, 0x00000000e3400000, 0x00000000e3800000|  0%| F|  |TAMS 0x00000000e3400000, 0x00000000e3400000| Untracked 
| 390|0x00000000e3800000, 0x00000000e3800000, 0x00000000e3c00000|  0%| F|  |TAMS 0x00000000e3800000, 0x00000000e3800000| Untracked 
| 391|0x00000000e3c00000, 0x00000000e3c00000, 0x00000000e4000000|  0%| F|  |TAMS 0x00000000e3c00000, 0x00000000e3c00000| Untracked 
| 392|0x00000000e4000000, 0x00000000e4000000, 0x00000000e4400000|  0%| F|  |TAMS 0x00000000e4000000, 0x00000000e4000000| Untracked 
| 393|0x00000000e4400000, 0x00000000e4400000, 0x00000000e4800000|  0%| F|  |TAMS 0x00000000e4400000, 0x00000000e4400000| Untracked 
| 394|0x00000000e4800000, 0x00000000e4800000, 0x00000000e4c00000|  0%| F|  |TAMS 0x00000000e4800000, 0x00000000e4800000| Untracked 
| 395|0x00000000e4c00000, 0x00000000e4c00000, 0x00000000e5000000|  0%| F|  |TAMS 0x00000000e4c00000, 0x00000000e4c00000| Untracked 
| 396|0x00000000e5000000, 0x00000000e5000000, 0x00000000e5400000|  0%| F|  |TAMS 0x00000000e5000000, 0x00000000e5000000| Untracked 
| 397|0x00000000e5400000, 0x00000000e5400000, 0x00000000e5800000|  0%| F|  |TAMS 0x00000000e5400000, 0x00000000e5400000| Untracked 
| 398|0x00000000e5800000, 0x00000000e5800000, 0x00000000e5c00000|  0%| F|  |TAMS 0x00000000e5800000, 0x00000000e5800000| Untracked 
| 399|0x00000000e5c00000, 0x00000000e5c00000, 0x00000000e6000000|  0%| F|  |TAMS 0x00000000e5c00000, 0x00000000e5c00000| Untracked 
| 400|0x00000000e6000000, 0x00000000e6000000, 0x00000000e6400000|  0%| F|  |TAMS 0x00000000e6000000, 0x00000000e6000000| Untracked 
| 401|0x00000000e6400000, 0x00000000e6400000, 0x00000000e6800000|  0%| F|  |TAMS 0x00000000e6400000, 0x00000000e6400000| Untracked 
| 402|0x00000000e6800000, 0x00000000e6800000, 0x00000000e6c00000|  0%| F|  |TAMS 0x00000000e6800000, 0x00000000e6800000| Untracked 
| 403|0x00000000e6c00000, 0x00000000e6c00000, 0x00000000e7000000|  0%| F|  |TAMS 0x00000000e6c00000, 0x00000000e6c00000| Untracked 
| 404|0x00000000e7000000, 0x00000000e7000000, 0x00000000e7400000|  0%| F|  |TAMS 0x00000000e7000000, 0x00000000e7000000| Untracked 
| 405|0x00000000e7400000, 0x00000000e7400000, 0x00000000e7800000|  0%| F|  |TAMS 0x00000000e7400000, 0x00000000e7400000| Untracked 
| 406|0x00000000e7800000, 0x00000000e7800000, 0x00000000e7c00000|  0%| F|  |TAMS 0x00000000e7800000, 0x00000000e7800000| Untracked 
| 407|0x00000000e7c00000, 0x00000000e7c00000, 0x00000000e8000000|  0%| F|  |TAMS 0x00000000e7c00000, 0x00000000e7c00000| Untracked 
| 408|0x00000000e8000000, 0x00000000e8000000, 0x00000000e8400000|  0%| F|  |TAMS 0x00000000e8000000, 0x00000000e8000000| Untracked 
| 409|0x00000000e8400000, 0x00000000e8400000, 0x00000000e8800000|  0%| F|  |TAMS 0x00000000e8400000, 0x00000000e8400000| Untracked 
| 410|0x00000000e8800000, 0x00000000e8800000, 0x00000000e8c00000|  0%| F|  |TAMS 0x00000000e8800000, 0x00000000e8800000| Untracked 
| 411|0x00000000e8c00000, 0x00000000e8c00000, 0x00000000e9000000|  0%| F|  |TAMS 0x00000000e8c00000, 0x00000000e8c00000| Untracked 
| 412|0x00000000e9000000, 0x00000000e9000000, 0x00000000e9400000|  0%| F|  |TAMS 0x00000000e9000000, 0x00000000e9000000| Untracked 
| 413|0x00000000e9400000, 0x00000000e9400000, 0x00000000e9800000|  0%| F|  |TAMS 0x00000000e9400000, 0x00000000e9400000| Untracked 
| 414|0x00000000e9800000, 0x00000000e9800000, 0x00000000e9c00000|  0%| F|  |TAMS 0x00000000e9800000, 0x00000000e9800000| Untracked 
| 415|0x00000000e9c00000, 0x00000000e9c00000, 0x00000000ea000000|  0%| F|  |TAMS 0x00000000e9c00000, 0x00000000e9c00000| Untracked 
| 416|0x00000000ea000000, 0x00000000ea000000, 0x00000000ea400000|  0%| F|  |TAMS 0x00000000ea000000, 0x00000000ea000000| Untracked 
| 417|0x00000000ea400000, 0x00000000ea400000, 0x00000000ea800000|  0%| F|  |TAMS 0x00000000ea400000, 0x00000000ea400000| Untracked 
| 418|0x00000000ea800000, 0x00000000ea800000, 0x00000000eac00000|  0%| F|  |TAMS 0x00000000ea800000, 0x00000000ea800000| Untracked 
| 419|0x00000000eac00000, 0x00000000eac00000, 0x00000000eb000000|  0%| F|  |TAMS 0x00000000eac00000, 0x00000000eac00000| Untracked 
| 420|0x00000000eb000000, 0x00000000eb000000, 0x00000000eb400000|  0%| F|  |TAMS 0x00000000eb000000, 0x00000000eb000000| Untracked 
| 421|0x00000000eb400000, 0x00000000eb400000, 0x00000000eb800000|  0%| F|  |TAMS 0x00000000eb400000, 0x00000000eb400000| Untracked 
| 422|0x00000000eb800000, 0x00000000eb800000, 0x00000000ebc00000|  0%| F|  |TAMS 0x00000000eb800000, 0x00000000eb800000| Untracked 
| 423|0x00000000ebc00000, 0x00000000ebc00000, 0x00000000ec000000|  0%| F|  |TAMS 0x00000000ebc00000, 0x00000000ebc00000| Untracked 
| 424|0x00000000ec000000, 0x00000000ec000000, 0x00000000ec400000|  0%| F|  |TAMS 0x00000000ec000000, 0x00000000ec000000| Untracked 
| 425|0x00000000ec400000, 0x00000000ec400000, 0x00000000ec800000|  0%| F|  |TAMS 0x00000000ec400000, 0x00000000ec400000| Untracked 
| 426|0x00000000ec800000, 0x00000000ec800000, 0x00000000ecc00000|  0%| F|  |TAMS 0x00000000ec800000, 0x00000000ec800000| Untracked 
| 427|0x00000000ecc00000, 0x00000000ecc00000, 0x00000000ed000000|  0%| F|  |TAMS 0x00000000ecc00000, 0x00000000ecc00000| Untracked 
| 428|0x00000000ed000000, 0x00000000ed000000, 0x00000000ed400000|  0%| F|  |TAMS 0x00000000ed000000, 0x00000000ed000000| Untracked 
| 429|0x00000000ed400000, 0x00000000ed400000, 0x00000000ed800000|  0%| F|  |TAMS 0x00000000ed400000, 0x00000000ed400000| Untracked 
| 430|0x00000000ed800000, 0x00000000ed800000, 0x00000000edc00000|  0%| F|  |TAMS 0x00000000ed800000, 0x00000000ed800000| Untracked 
| 431|0x00000000edc00000, 0x00000000edc00000, 0x00000000ee000000|  0%| F|  |TAMS 0x00000000edc00000, 0x00000000edc00000| Untracked 
| 432|0x00000000ee000000, 0x00000000ee000000, 0x00000000ee400000|  0%| F|  |TAMS 0x00000000ee000000, 0x00000000ee000000| Untracked 
| 433|0x00000000ee400000, 0x00000000ee400000, 0x00000000ee800000|  0%| F|  |TAMS 0x00000000ee400000, 0x00000000ee400000| Untracked 
| 434|0x00000000ee800000, 0x00000000ee800000, 0x00000000eec00000|  0%| F|  |TAMS 0x00000000ee800000, 0x00000000ee800000| Untracked 
| 435|0x00000000eec00000, 0x00000000eec00000, 0x00000000ef000000|  0%| F|  |TAMS 0x00000000eec00000, 0x00000000eec00000| Untracked 
| 436|0x00000000ef000000, 0x00000000ef000000, 0x00000000ef400000|  0%| F|  |TAMS 0x00000000ef000000, 0x00000000ef000000| Untracked 
| 437|0x00000000ef400000, 0x00000000ef400000, 0x00000000ef800000|  0%| F|  |TAMS 0x00000000ef400000, 0x00000000ef400000| Untracked 
| 438|0x00000000ef800000, 0x00000000ef800000, 0x00000000efc00000|  0%| F|  |TAMS 0x00000000ef800000, 0x00000000ef800000| Untracked 
| 439|0x00000000efc00000, 0x00000000efc00000, 0x00000000f0000000|  0%| F|  |TAMS 0x00000000efc00000, 0x00000000efc00000| Untracked 
| 440|0x00000000f0000000, 0x00000000f0000000, 0x00000000f0400000|  0%| F|  |TAMS 0x00000000f0000000, 0x00000000f0000000| Untracked 
| 441|0x00000000f0400000, 0x00000000f0400000, 0x00000000f0800000|  0%| F|  |TAMS 0x00000000f0400000, 0x00000000f0400000| Untracked 
| 442|0x00000000f0800000, 0x00000000f0800000, 0x00000000f0c00000|  0%| F|  |TAMS 0x00000000f0800000, 0x00000000f0800000| Untracked 
| 443|0x00000000f0c00000, 0x00000000f0c00000, 0x00000000f1000000|  0%| F|  |TAMS 0x00000000f0c00000, 0x00000000f0c00000| Untracked 
| 444|0x00000000f1000000, 0x00000000f1000000, 0x00000000f1400000|  0%| F|  |TAMS 0x00000000f1000000, 0x00000000f1000000| Untracked 
| 445|0x00000000f1400000, 0x00000000f1400000, 0x00000000f1800000|  0%| F|  |TAMS 0x00000000f1400000, 0x00000000f1400000| Untracked 
| 446|0x00000000f1800000, 0x00000000f1800000, 0x00000000f1c00000|  0%| F|  |TAMS 0x00000000f1800000, 0x00000000f1800000| Untracked 
| 447|0x00000000f1c00000, 0x00000000f1c00000, 0x00000000f2000000|  0%| F|  |TAMS 0x00000000f1c00000, 0x00000000f1c00000| Untracked 
| 448|0x00000000f2000000, 0x00000000f2000000, 0x00000000f2400000|  0%| F|  |TAMS 0x00000000f2000000, 0x00000000f2000000| Untracked 
| 449|0x00000000f2400000, 0x00000000f2400000, 0x00000000f2800000|  0%| F|  |TAMS 0x00000000f2400000, 0x00000000f2400000| Untracked 
| 450|0x00000000f2800000, 0x00000000f2800000, 0x00000000f2c00000|  0%| F|  |TAMS 0x00000000f2800000, 0x00000000f2800000| Untracked 
| 451|0x00000000f2c00000, 0x00000000f2c00000, 0x00000000f3000000|  0%| F|  |TAMS 0x00000000f2c00000, 0x00000000f2c00000| Untracked 
| 452|0x00000000f3000000, 0x00000000f3000000, 0x00000000f3400000|  0%| F|  |TAMS 0x00000000f3000000, 0x00000000f3000000| Untracked 
| 453|0x00000000f3400000, 0x00000000f3400000, 0x00000000f3800000|  0%| F|  |TAMS 0x00000000f3400000, 0x00000000f3400000| Untracked 
| 454|0x00000000f3800000, 0x00000000f3800000, 0x00000000f3c00000|  0%| F|  |TAMS 0x00000000f3800000, 0x00000000f3800000| Untracked 
| 455|0x00000000f3c00000, 0x00000000f3c00000, 0x00000000f4000000|  0%| F|  |TAMS 0x00000000f3c00000, 0x00000000f3c00000| Untracked 
| 456|0x00000000f4000000, 0x00000000f4000000, 0x00000000f4400000|  0%| F|  |TAMS 0x00000000f4000000, 0x00000000f4000000| Untracked 
| 457|0x00000000f4400000, 0x00000000f4400000, 0x00000000f4800000|  0%| F|  |TAMS 0x00000000f4400000, 0x00000000f4400000| Untracked 
| 458|0x00000000f4800000, 0x00000000f4800000, 0x00000000f4c00000|  0%| F|  |TAMS 0x00000000f4800000, 0x00000000f4800000| Untracked 
| 459|0x00000000f4c00000, 0x00000000f4c00000, 0x00000000f5000000|  0%| F|  |TAMS 0x00000000f4c00000, 0x00000000f4c00000| Untracked 
| 460|0x00000000f5000000, 0x00000000f5000000, 0x00000000f5400000|  0%| F|  |TAMS 0x00000000f5000000, 0x00000000f5000000| Untracked 
| 461|0x00000000f5400000, 0x00000000f5400000, 0x00000000f5800000|  0%| F|  |TAMS 0x00000000f5400000, 0x00000000f5400000| Untracked 
| 462|0x00000000f5800000, 0x00000000f5800000, 0x00000000f5c00000|  0%| F|  |TAMS 0x00000000f5800000, 0x00000000f5800000| Untracked 
| 463|0x00000000f5c00000, 0x00000000f5c00000, 0x00000000f6000000|  0%| F|  |TAMS 0x00000000f5c00000, 0x00000000f5c00000| Untracked 
| 464|0x00000000f6000000, 0x00000000f6000000, 0x00000000f6400000|  0%| F|  |TAMS 0x00000000f6000000, 0x00000000f6000000| Untracked 
| 465|0x00000000f6400000, 0x00000000f6400000, 0x00000000f6800000|  0%| F|  |TAMS 0x00000000f6400000, 0x00000000f6400000| Untracked 
| 466|0x00000000f6800000, 0x00000000f6800000, 0x00000000f6c00000|  0%| F|  |TAMS 0x00000000f6800000, 0x00000000f6800000| Untracked 
| 467|0x00000000f6c00000, 0x00000000f6c00000, 0x00000000f7000000|  0%| F|  |TAMS 0x00000000f6c00000, 0x00000000f6c00000| Untracked 
| 468|0x00000000f7000000, 0x00000000f7000000, 0x00000000f7400000|  0%| F|  |TAMS 0x00000000f7000000, 0x00000000f7000000| Untracked 
| 469|0x00000000f7400000, 0x00000000f7400000, 0x00000000f7800000|  0%| F|  |TAMS 0x00000000f7400000, 0x00000000f7400000| Untracked 
| 470|0x00000000f7800000, 0x00000000f7800000, 0x00000000f7c00000|  0%| F|  |TAMS 0x00000000f7800000, 0x00000000f7800000| Untracked 
| 471|0x00000000f7c00000, 0x00000000f7c00000, 0x00000000f8000000|  0%| F|  |TAMS 0x00000000f7c00000, 0x00000000f7c00000| Untracked 
| 472|0x00000000f8000000, 0x00000000f8000000, 0x00000000f8400000|  0%| F|  |TAMS 0x00000000f8000000, 0x00000000f8000000| Untracked 
| 473|0x00000000f8400000, 0x00000000f8400000, 0x00000000f8800000|  0%| F|  |TAMS 0x00000000f8400000, 0x00000000f8400000| Untracked 
| 474|0x00000000f8800000, 0x00000000f8800000, 0x00000000f8c00000|  0%| F|  |TAMS 0x00000000f8800000, 0x00000000f8800000| Untracked 
| 475|0x00000000f8c00000, 0x00000000f8c00000, 0x00000000f9000000|  0%| F|  |TAMS 0x00000000f8c00000, 0x00000000f8c00000| Untracked 
| 476|0x00000000f9000000, 0x00000000f9000000, 0x00000000f9400000|  0%| F|  |TAMS 0x00000000f9000000, 0x00000000f9000000| Untracked 
| 477|0x00000000f9400000, 0x00000000f9400000, 0x00000000f9800000|  0%| F|  |TAMS 0x00000000f9400000, 0x00000000f9400000| Untracked 
| 478|0x00000000f9800000, 0x00000000f9800000, 0x00000000f9c00000|  0%| F|  |TAMS 0x00000000f9800000, 0x00000000f9800000| Untracked 
| 479|0x00000000f9c00000, 0x00000000f9c00000, 0x00000000fa000000|  0%| F|  |TAMS 0x00000000f9c00000, 0x00000000f9c00000| Untracked 
| 480|0x00000000fa000000, 0x00000000fa000000, 0x00000000fa400000|  0%| F|  |TAMS 0x00000000fa000000, 0x00000000fa000000| Untracked 
| 481|0x00000000fa400000, 0x00000000fa400000, 0x00000000fa800000|  0%| F|  |TAMS 0x00000000fa400000, 0x00000000fa400000| Untracked 
| 482|0x00000000fa800000, 0x00000000fa800000, 0x00000000fac00000|  0%| F|  |TAMS 0x00000000fa800000, 0x00000000fa800000| Untracked 
| 483|0x00000000fac00000, 0x00000000fac00000, 0x00000000fb000000|  0%| F|  |TAMS 0x00000000fac00000, 0x00000000fac00000| Untracked 
| 484|0x00000000fb000000, 0x00000000fb000000, 0x00000000fb400000|  0%| F|  |TAMS 0x00000000fb000000, 0x00000000fb000000| Untracked 
| 485|0x00000000fb400000, 0x00000000fb400000, 0x00000000fb800000|  0%| F|  |TAMS 0x00000000fb400000, 0x00000000fb400000| Untracked 
| 486|0x00000000fb800000, 0x00000000fb800000, 0x00000000fbc00000|  0%| F|  |TAMS 0x00000000fb800000, 0x00000000fb800000| Untracked 
| 487|0x00000000fbc00000, 0x00000000fbc00000, 0x00000000fc000000|  0%| F|  |TAMS 0x00000000fbc00000, 0x00000000fbc00000| Untracked 
| 488|0x00000000fc000000, 0x00000000fc000000, 0x00000000fc400000|  0%| F|  |TAMS 0x00000000fc000000, 0x00000000fc000000| Untracked 
| 489|0x00000000fc400000, 0x00000000fc400000, 0x00000000fc800000|  0%| F|  |TAMS 0x00000000fc400000, 0x00000000fc400000| Untracked 
| 490|0x00000000fc800000, 0x00000000fc800000, 0x00000000fcc00000|  0%| F|  |TAMS 0x00000000fc800000, 0x00000000fc800000| Untracked 
| 491|0x00000000fcc00000, 0x00000000fcc00000, 0x00000000fd000000|  0%| F|  |TAMS 0x00000000fcc00000, 0x00000000fcc00000| Untracked 
| 492|0x00000000fd000000, 0x00000000fd000000, 0x00000000fd400000|  0%| F|  |TAMS 0x00000000fd000000, 0x00000000fd000000| Untracked 
| 493|0x00000000fd400000, 0x00000000fd400000, 0x00000000fd800000|  0%| F|  |TAMS 0x00000000fd400000, 0x00000000fd400000| Untracked 
| 494|0x00000000fd800000, 0x00000000fd800000, 0x00000000fdc00000|  0%| F|  |TAMS 0x00000000fd800000, 0x00000000fd800000| Untracked 
| 495|0x00000000fdc00000, 0x00000000fdc00000, 0x00000000fe000000|  0%| F|  |TAMS 0x00000000fdc00000, 0x00000000fdc00000| Untracked 
| 496|0x00000000fe000000, 0x00000000fe000000, 0x00000000fe400000|  0%| F|  |TAMS 0x00000000fe000000, 0x00000000fe000000| Untracked 
| 497|0x00000000fe400000, 0x00000000fe400000, 0x00000000fe800000|  0%| F|  |TAMS 0x00000000fe400000, 0x00000000fe400000| Untracked 
| 498|0x00000000fe800000, 0x00000000fe800000, 0x00000000fec00000|  0%| F|  |TAMS 0x00000000fe800000, 0x00000000fe800000| Untracked 
| 499|0x00000000fec00000, 0x00000000fec00000, 0x00000000ff000000|  0%| F|  |TAMS 0x00000000fec00000, 0x00000000fec00000| Untracked 
| 500|0x00000000ff000000, 0x00000000ff000000, 0x00000000ff400000|  0%| F|  |TAMS 0x00000000ff000000, 0x00000000ff000000| Untracked 
| 501|0x00000000ff400000, 0x00000000ff400000, 0x00000000ff800000|  0%| F|  |TAMS 0x00000000ff400000, 0x00000000ff400000| Untracked 
| 502|0x00000000ff800000, 0x00000000ff800000, 0x00000000ffc00000|  0%| F|  |TAMS 0x00000000ff800000, 0x00000000ff800000| Untracked 
| 503|0x00000000ffc00000, 0x00000000ffc00000, 0x0000000100000000|  0%| F|  |TAMS 0x00000000ffc00000, 0x00000000ffc00000| Untracked 
| 504|0x0000000100000000, 0x0000000100000000, 0x0000000100400000|  0%| F|  |TAMS 0x0000000100000000, 0x0000000100000000| Untracked 
| 505|0x0000000100400000, 0x0000000100400000, 0x0000000100800000|  0%| F|  |TAMS 0x0000000100400000, 0x0000000100400000| Untracked 
| 506|0x0000000100800000, 0x0000000100800000, 0x0000000100c00000|  0%| F|  |TAMS 0x0000000100800000, 0x0000000100800000| Untracked 
| 507|0x0000000100c00000, 0x0000000101000000, 0x0000000101000000|100%| E|  |TAMS 0x0000000100c00000, 0x0000000100c00000| Complete 
| 508|0x0000000101000000, 0x0000000101400000, 0x0000000101400000|100%| E|CS|TAMS 0x0000000101000000, 0x0000000101000000| Complete 
| 509|0x0000000101400000, 0x0000000101800000, 0x0000000101800000|100%| E|CS|TAMS 0x0000000101400000, 0x0000000101400000| Complete 
| 510|0x0000000101800000, 0x0000000101c00000, 0x0000000101c00000|100%| E|CS|TAMS 0x0000000101800000, 0x0000000101800000| Complete 

Card table byte_map: [0x000002beafd40000,0x000002beb3930000] _byte_map_base: 0x000002beaf930000

Marking Bits (Prev, Next): (CMBitMap*) 0x000002be92d665c8, (CMBitMap*) 0x000002be92d66600
 Prev Bits: [0x000002beb7520000, 0x000002bed54a0000)
 Next Bits: [0x000002bed54a0000, 0x000002bef3420000)

Polling page: 0x000002be90880000

Metaspace:

Usage:
  Non-class:      7.45 MB capacity,     7.42 MB (>99%) used,    24.36 KB ( <1%) free+waste,     6.88 KB ( <1%) overhead. 
      Class:    879.00 KB capacity,   807.28 KB ( 92%) used,    68.34 KB (  8%) free+waste,     3.38 KB ( <1%) overhead. 
       Both:      8.31 MB capacity,     8.21 MB ( 99%) used,    92.70 KB (  1%) free+waste,    10.25 KB ( <1%) overhead. 

Virtual space:
  Non-class space:       20.00 MB reserved,       7.50 MB ( 38%) committed 
      Class space:        1.00 GB reserved,     896.00 KB ( <1%) committed 
             Both:        1.02 GB reserved,       8.38 MB ( <1%) committed 

Chunk freelists:
   Non-Class:  6.13 KB
       Class:  2.13 KB
        Both:  8.25 KB

CodeHeap 'non-profiled nmethods': size=118912Kb used=131Kb max_used=131Kb free=118780Kb
 bounds [0x000002bea2d50000, 0x000002bea2fc0000, 0x000002beaa170000]
CodeHeap 'profiled nmethods': size=118848Kb used=954Kb max_used=954Kb free=117893Kb
 bounds [0x000002be9b940000, 0x000002be9bbb0000, 0x000002bea2d50000]
CodeHeap 'non-nmethods': size=8000Kb used=3321Kb max_used=3333Kb free=4678Kb
 bounds [0x000002be9b170000, 0x000002be9b4c0000, 0x000002be9b940000]
 total_blobs=866 nmethods=512 adapters=262
 compilation: enabled
              stopped_count=0, restarted_count=0
 full_count=0

Compilation events (10 events):
Event: 0.332 Thread 0x000002bef8dee800 nmethod 445 0x000002be9ba07b10 code [0x000002be9ba07cc0, 0x000002be9ba07ed0]
Event: 0.334 Thread 0x000002bef8ba8800  448       3       java.util.TreeMap::parentOf (13 bytes)
Event: 0.334 Thread 0x000002bef8ba8800 nmethod 448 0x000002be9ba07f90 code [0x000002be9ba08140, 0x000002be9ba082f8]
Event: 0.334 Thread 0x000002bef8ba3000  449       4       java.lang.CharacterData::of (120 bytes)
Event: 0.334 Thread 0x000002bef8ba3000 nmethod 449 0x000002bea2d6e290 code [0x000002bea2d6e420, 0x000002bea2d6e498]
Event: 0.334 Thread 0x000002bef8ba3000  450       4       java.lang.StringLatin1::replace (196 bytes)
Event: 0.335 Thread 0x000002bef8dee800  452       3       java.lang.invoke.MethodTypeForm::canonicalize (64 bytes)
Event: 0.335 Thread 0x000002bef8e03800  453       3       java.lang.invoke.MethodType$ConcurrentWeakInternSet::add (66 bytes)
Event: 0.336 Thread 0x000002bef8dee800 nmethod 452 0x000002be9ba08390 code [0x000002be9ba08560, 0x000002be9ba088d0]
Event: 0.338 Thread 0x000002bef8e03800 nmethod 453 0x000002be9ba08a10 code [0x000002be9ba08c80, 0x000002be9ba09bf0]

GC Heap History (0 events):
No events

Deoptimization events (5 events):
Event: 0.255 Thread 0x000002be92d04800 Uncommon trap: reason=unstable_if action=reinterpret pc=0x000002bea2d54a04 method=java.lang.String.hashCode()I @ 14 c2
Event: 0.302 Thread 0x000002be92d04800 Uncommon trap: reason=profile_predicate action=maybe_recompile pc=0x000002bea2d5e23c method=java.lang.StringLatin1.indexOf([BI[BII)I @ 18 c2
Event: 0.302 Thread 0x000002be92d04800 Uncommon trap: reason=profile_predicate action=maybe_recompile pc=0x000002bea2d5e23c method=java.lang.StringLatin1.indexOf([BI[BII)I @ 18 c2
Event: 0.306 Thread 0x000002be92d04800 Uncommon trap: reason=profile_predicate action=maybe_recompile pc=0x000002bea2d5e23c method=java.lang.StringLatin1.indexOf([BI[BII)I @ 18 c2
Event: 0.307 Thread 0x000002be92d04800 Uncommon trap: reason=profile_predicate action=maybe_recompile pc=0x000002bea2d5e23c method=java.lang.StringLatin1.indexOf([BI[BII)I @ 18 c2

Classes redefined (0 events):
No events

Internal exceptions (2 events):
Event: 0.318 Thread 0x000002be92d04800 Exception <a 'java/lang/NoSuchMethodError'{0x0000000101183448}: java.lang.invoke.DirectMethodHandle$Holder.invokeSpecialIFC(Ljava/lang/Object;Ljava/lang/Object;I)I> (0x0000000101183448) thrown at [./open/src/hotspot/share/interpreter/linkResolver.cpp, lin
Event: 0.335 Thread 0x000002be92d04800 Exception <a 'java/lang/NoSuchMethodError'{0x00000001011fefd8}: java.lang.invoke.DirectMethodHandle$Holder.invokeVirtual(Ljava/lang/Object;Ljava/lang/Object;Ljava/lang/Object;)Ljava/lang/Object;> (0x00000001011fefd8) thrown at [./open/src/hotspot/share/in

Events (10 events):
Event: 0.336 loading class java/util/LinkedHashMap$LinkedKeyIterator
Event: 0.336 loading class java/util/LinkedHashMap$LinkedHashIterator
Event: 0.336 loading class java/util/LinkedHashMap$LinkedHashIterator done
Event: 0.336 loading class java/util/LinkedHashMap$LinkedKeyIterator done
Event: 0.336 loading class org/springframework/beans/factory/support/DefaultListableBeanFactory
Event: 0.336 loading class org/springframework/beans/factory/support/DefaultListableBeanFactory done
Event: 0.338 Executing VM operation: CollectForMetadataAllocation
Event: 0.338 Executing VM operation: CollectForMetadataAllocation done
Event: 0.338 loading class org/springframework/beans/factory/support/AbstractAutowireCapableBeanFactory
Event: 0.338 loading class org/springframework/beans/factory/support/AbstractAutowireCapableBeanFactory done


Dynamic libraries:
0x00007ff7fb7c0000 - 0x00007ff7fb7cf000 	C:\Program Files\Java\jdk-11.0.9\bin\java.exe
0x00007fff99f80000 - 0x00007fff9a170000 	C:\Windows\SYSTEM32\ntdll.dll
0x00007fff981d0000 - 0x00007fff98282000 	C:\Windows\System32\KERNEL32.DLL
0x00007fff970d0000 - 0x00007fff97375000 	C:\Windows\System32\KERNELBASE.dll
0x00007fff97650000 - 0x00007fff9774a000 	C:\Windows\System32\ucrtbase.dll
0x00007fff91630000 - 0x00007fff91648000 	C:\Program Files\Java\jdk-11.0.9\bin\jli.dll
0x00007fff983d0000 - 0x00007fff98473000 	C:\Windows\System32\ADVAPI32.dll
0x00007fff98970000 - 0x00007fff98a0e000 	C:\Windows\System32\msvcrt.dll
0x00007fff91690000 - 0x00007fff916a5000 	C:\Program Files\Java\jdk-11.0.9\bin\VCRUNTIME140.dll
0x00007fff980a0000 - 0x00007fff98137000 	C:\Windows\System32\sechost.dll
0x00007fff98850000 - 0x00007fff98970000 	C:\Windows\System32\RPCRT4.dll
0x00007fff98a10000 - 0x00007fff98ba4000 	C:\Windows\System32\USER32.dll
0x00007fff96fa0000 - 0x00007fff96fc1000 	C:\Windows\System32\win32u.dll
0x00007fff991b0000 - 0x00007fff991d6000 	C:\Windows\System32\GDI32.dll
0x00007fff97380000 - 0x00007fff97516000 	C:\Windows\System32\gdi32full.dll
0x00007fff896d0000 - 0x00007fff89954000 	C:\Windows\WinSxS\amd64_microsoft.windows.common-controls_6595b64144ccf1df_6.0.18362.1198_none_9e820b57e45ad92f\COMCTL32.dll
0x00007fff97030000 - 0x00007fff970ce000 	C:\Windows\System32\msvcp_win.dll
0x00007fff98cb0000 - 0x00007fff98fe5000 	C:\Windows\System32\combase.dll
0x00007fff975d0000 - 0x00007fff97650000 	C:\Windows\System32\bcryptPrimitives.dll
0x00007fff90190000 - 0x00007fff9019a000 	C:\Windows\SYSTEM32\VERSION.dll
0x00007fff998d0000 - 0x00007fff998fe000 	C:\Windows\System32\IMM32.DLL
0x00007fff82960000 - 0x00007fff829fb000 	C:\Program Files\Java\jdk-11.0.9\bin\msvcp140.dll
0x00007fff3e3d0000 - 0x00007fff3eec7000 	C:\Program Files\Java\jdk-11.0.9\bin\server\jvm.dll
0x00007fff98ca0000 - 0x00007fff98ca8000 	C:\Windows\System32\PSAPI.DLL
0x00007fff818f0000 - 0x00007fff818f9000 	C:\Windows\SYSTEM32\WSOCK32.dll
0x00007fff93780000 - 0x00007fff937a4000 	C:\Windows\SYSTEM32\WINMM.dll
0x00007fff98bb0000 - 0x00007fff98c1f000 	C:\Windows\System32\WS2_32.dll
0x00007fff93750000 - 0x00007fff9377d000 	C:\Windows\SYSTEM32\winmmbase.dll
0x00007fff96f00000 - 0x00007fff96f4a000 	C:\Windows\System32\cfgmgr32.dll
0x00007fff96eb0000 - 0x00007fff96ec1000 	C:\Windows\System32\kernel.appcore.dll
0x00007fff93520000 - 0x00007fff93530000 	C:\Program Files\Java\jdk-11.0.9\bin\verify.dll
0x00007fff7b430000 - 0x00007fff7b624000 	C:\Windows\SYSTEM32\DBGHELP.DLL
0x00007fff7b240000 - 0x00007fff7b26a000 	C:\Windows\SYSTEM32\dbgcore.DLL
0x00007fff8be90000 - 0x00007fff8beb8000 	C:\Program Files\Java\jdk-11.0.9\bin\java.dll
0x00007fff934c0000 - 0x00007fff934ca000 	C:\Program Files\Java\jdk-11.0.9\bin\jimage.dll
0x00007fff910d0000 - 0x00007fff910e6000 	C:\Program Files\Java\jdk-11.0.9\bin\zip.dll
0x00007fff991e0000 - 0x00007fff998c7000 	C:\Windows\System32\SHELL32.dll
0x00007fff99100000 - 0x00007fff991a9000 	C:\Windows\System32\shcore.dll
0x00007fff97750000 - 0x00007fff97ed1000 	C:\Windows\System32\windows.storage.dll
0x00007fff96ed0000 - 0x00007fff96ef3000 	C:\Windows\System32\profapi.dll
0x00007fff96e40000 - 0x00007fff96e8a000 	C:\Windows\System32\powrprof.dll
0x00007fff96e30000 - 0x00007fff96e40000 	C:\Windows\System32\UMPDC.dll
0x00007fff98550000 - 0x00007fff985a2000 	C:\Windows\System32\shlwapi.dll
0x00007fff96f80000 - 0x00007fff96f97000 	C:\Windows\System32\cryptsp.dll
0x00007fff8e5d0000 - 0x00007fff8e5e9000 	C:\Program Files\Java\jdk-11.0.9\bin\net.dll
0x00007fff8da50000 - 0x00007fff8db40000 	C:\Windows\SYSTEM32\WINHTTP.dll
0x00007fff96680000 - 0x00007fff966e7000 	C:\Windows\system32\mswsock.dll
0x00007fff8e3d0000 - 0x00007fff8e3e2000 	C:\Program Files\Java\jdk-11.0.9\bin\nio.dll

dbghelp: loaded successfully - version: 4.0.5 - missing functions: none
symbol engine: initialized successfully - sym options: 0x614 - pdb path: .;C:\Program Files\Java\jdk-11.0.9\bin;C:\Windows\SYSTEM32;C:\Windows\WinSxS\amd64_microsoft.windows.common-controls_6595b64144ccf1df_6.0.18362.1198_none_9e820b57e45ad92f;C:\Program Files\Java\jdk-11.0.9\bin\server

VM Arguments:
jvm_args: -Dfile.encoding=GBK -Duser.country=CN -Duser.language=zh -Duser.variant 
java_command: com.sztu.spring.resolveBeforeInstantiation.Test
java_class_path (initial): D:\Java_projects\spring-framework-5.2.x\test\build\classes\java\main;D:\Java_projects\spring-framework-5.2.x\test\build\resources\main;D:\Java_projects\spring-framework-5.2.x\spring-context\build\libs\spring-context-5.2.13.BUILD-SNAPSHOT.jar;D:\Java_projects\spring-framework-5.2.x\spring-aop\build\libs\spring-aop-5.2.13.BUILD-SNAPSHOT.jar;D:\Java_projects\spring-framework-5.2.x\spring-beans\build\libs\spring-beans-5.2.13.BUILD-SNAPSHOT.jar;D:\Java_projects\spring-framework-5.2.x\spring-expression\build\libs\spring-expression-5.2.13.BUILD-SNAPSHOT.jar;D:\Java_projects\spring-framework-5.2.x\spring-core\build\libs\spring-core-5.2.13.BUILD-SNAPSHOT.jar;D:\Java_projects\spring-framework-5.2.x\spring-core\build\libs\spring-cglib-repack-3.3.0.jar;D:\Java_projects\spring-framework-5.2.x\spring-core\build\libs\spring-objenesis-repack-3.1.jar;D:\Java_projects\spring-framework-5.2.x\spring-jcl\build\libs\spring-jcl-5.2.13.BUILD-SNAPSHOT.jar
Launcher Type: SUN_STANDARD

[Global flags]
     intx CICompilerCount                          = 15                                        {product} {ergonomic}
     uint ConcGCThreads                            = 8                                         {product} {ergonomic}
     uint G1ConcRefinementThreads                  = 33                                        {product} {ergonomic}
   size_t G1HeapRegionSize                         = 4194304                                   {product} {ergonomic}
    uintx GCDrainStackTargetSize                   = 64                                        {product} {ergonomic}
   size_t InitialHeapSize                          = 2143289344                                {product} {ergonomic}
   size_t MarkStackSize                            = 4194304                                   {product} {ergonomic}
   size_t MaxHeapSize                              = 32178700288                               {product} {ergonomic}
   size_t MaxNewSize                               = 19306381312                               {product} {ergonomic}
   size_t MinHeapDeltaBytes                        = 4194304                                   {product} {ergonomic}
    uintx NonNMethodCodeHeapSize                   = 8182140                                {pd product} {ergonomic}
    uintx NonProfiledCodeHeapSize                  = 121738050                              {pd product} {ergonomic}
    uintx ProfiledCodeHeapSize                     = 121738050                              {pd product} {ergonomic}
    uintx ReservedCodeCacheSize                    = 251658240                              {pd product} {ergonomic}
     bool SegmentedCodeCache                       = true                                      {product} {ergonomic}
     bool UseCompressedClassPointers               = true                                 {lp64_product} {ergonomic}
     bool UseCompressedOops                        = true                                 {lp64_product} {ergonomic}
     bool UseG1GC                                  = true                                      {product} {ergonomic}
     bool UseLargePagesIndividualAllocation        = false                                  {pd product} {ergonomic}

Logging:
Log output configuration:
 #0: stdout all=warning uptime,level,tags
 #1: stderr all=off uptime,level,tags

Environment Variables:
JAVA_HOME=C:\Program Files\Java\jdk-11.0.9
CLASSPATH=D:\apache-jmeter-5.3\lib\ext\ApacheJMeter_core.jar;D:\apache-jmeter-5.3\lib\jorphan.jar;D:\apache-jmeter-5.3\lib/logkit-2.0.jar;
PATH=C:\Program Files\Common Files\Oracle\Java\javapath;D:\XShell\;C:\Program Files (x86)\Common Files\Oracle\Java\javapath;C:\Windows\system32;C:\Windows;C:\Windows\System32\Wbem;C:\Windows\System32\WindowsPowerShell\v1.0\;C:\Windows\System32\OpenSSH\;"C:\Users\Administrator\Anaconda3;C:\Users\Administrator\Anaconda3\Scripts;C:\Users\Administrator\Anaconda3\Library\bin";C:\Program Files (x86)\Microsoft SQL Server\100\Tools\Binn\;C:\Program Files\Microsoft SQL Server\100\Tools\Binn\;C:\Program Files\Microsoft SQL Server\100\DTS\Binn\;C:\Program Files\dotnet\;D:\opencv4.1.1\build\x64\vc15\bin;C:\Windows\system32\config\systemprofile\.dnx\bin;C:\Program Files\Microsoft DNX\Dnvm\;C:\Program Files\Microsoft SQL Server\120\Tools\Binn\;C:\Program Files (x86)\Windows Kits\8.1\bin\x86;D:\opencv4.1.1\buidl_new\bin;C:\Program Files\Git\cmd;C:\Users\Administrator\Anaconda3;C:\Users\Administrator\Anaconda3\Library\mingw-w64\bin;C:\Users\Administrator\Anaconda3\Library\usr\bin;C:\Users\Administrator\Anaconda3\Library\bin;C:\Users\Administrator\Anaconda3\Scripts;C:\Users\Administrator\AppData\Local\Programs\Python\Python36\Scripts\;C:\Users\Administrator\AppData\Local\Programs\Python\Python36\;C:\Users\Administrator\AppData\Local\Microsoft\WindowsApps;C:\Program Files\JetBrains\PyCharm 2018.3.3\bin;;D:\IntelliJ IDEA 2020.1.2\bin;;D:\java_dev_apps\apache-maven-3.6.3\bin;D:\Bandizip\;C:\Program Files\Java\jdk-11.0.9\bin;D:\java_dev_apps\gradle-5.6.4\bin;
USERNAME=Yann¨ª
OS=Windows_NT
PROCESSOR_IDENTIFIER=Intel64 Family 6 Model 85 Stepping 4, GenuineIntel



---------------  S Y S T E M  ---------------

OS: Windows 10 , 64 bit Build 18362 (10.0.18362.1110)

CPU:total 48 (initial active 48) (12 cores per cpu, 2 threads per core) family 6 model 85 stepping 4, cmov, cx8, fxsr, mmx, sse, sse2, sse3, ssse3, sse4.1, sse4.2, popcnt, avx, avx2, aes, clmul, erms, rtm, 3dnowpref, lzcnt, ht, tsc, tscinvbit, bmi1, bmi2, adx, fma

Memory: 4k page, system-wide physical 130719M (8418M free)
TotalPageFile size 161915M (AvailPageFile size 3M)
current process WorkingSet (physical memory assigned to process): 59M, peak: 59M
current process commit charge ("private bytes"): 2268M, peak: 2268M

vm_info: Java HotSpot(TM) 64-Bit Server VM (11.0.9+7-LTS) for windows-amd64 JRE (11.0.9+7-LTS), built on Sep 15 2020 16:47:03 by "mach5one" with MS VC++ 15.9 (VS2017)

END.
